#
# A fatal error has been detected by the Java Runtime Environment:
#
#  Internal Error (javaClasses.cpp:129), pid=16299, tid=140071720662784
#  fatal error: Invalid layout of preloaded class
#
# JRE version: 7.0_25-b30
# Java VM: OpenJDK 64-Bit Server VM (23.7-b01 mixed mode linux-amd64 compressed oops)
# Failed to write core dump. Core dumps have been disabled. To enable core dumping, try "ulimit -c unlimited" before starting Java again
#
# If you would like to submit a bug report, please include
# instructions on how to reproduce the bug and visit:
#   https://bugs.launchpad.net/ubuntu/+source/openjdk-7/
#

---------------  T H R E A D  ---------------

Current thread (0x00007f64f4009000):  JavaThread "Unknown thread" [_thread_in_vm, id=16306, stack(0x00007f64fd173000,0x00007f64fd274000)]

Stack: [0x00007f64fd173000,0x00007f64fd274000],  sp=0x00007f64fd2729a0,  free space=1022k
Native frames: (J=compiled Java code, j=interpreted, Vv=VM code, C=native code)
V  [libjvm.so+0x84e92b]  VMError::report_and_die()+0x16b
V  [libjvm.so+0x3ebd57]  report_fatal(char const*, int, char const*)+0x57
V  [libjvm.so+0x528efa]  compute_offset(int&, klassOopDesc*, Symbol*, Symbol*, bool) [clone .constprop.123]+0x11a
V  [libjvm.so+0x529166]  java_lang_String::compute_offsets()+0x36
V  [libjvm.so+0x7dcf8d]  SystemDictionary::initialize_preloaded_classes(Thread*)+0x3d
V  [libjvm.so+0x829288]  Universe::genesis(Thread*)+0x468
V  [libjvm.so+0x82973f]  universe2_init()+0x1f
V  [libjvm.so+0x4dde1a]  init_globals()+0x9a
V  [libjvm.so+0x80d26c]  Threads::create_vm(JavaVMInitArgs*, bool*)+0x39c
V  [libjvm.so+0x545278]  JNI_CreateJavaVM+0x58
C  [libjli.so+0x2b34]  __strcat_chk+0x2b34


---------------  P R O C E S S  ---------------

Java Threads: ( => current thread )

Other Threads:

=>0x00007f64f4009000 (exited) JavaThread "Unknown thread" [_thread_in_vm, id=16306, stack(0x00007f64fd173000,0x00007f64fd274000)]

VM state:not at safepoint (not fully initialized)

VM Mutex/Monitor currently owned by a thread: None

GC Heap History (0 events):
No events

Deoptimization events (0 events):
No events

Internal exceptions (0 events):
No events

Events (10 events):
Event: 0.167 loading class 0x00007f64f4032790 done
Event: 0.167 loading class 0x00007f64f4032030 done
Event: 0.167 loading class 0x00007f64f4032000
Event: 0.167 loading class 0x00007f64f405d370
Event: 0.167 loading class 0x00007f64f405d370 done
Event: 0.167 loading class 0x00007f64f405d3b0
Event: 0.167 loading class 0x00007f64f405d3b0 done
Event: 0.167 loading class 0x00007f64f405d3f0
Event: 0.167 loading class 0x00007f64f405d3f0 done
Event: 0.167 loading class 0x00007f64f4032000 done


Dynamic libraries:
00400000-00401000 r-xp 00000000 08:12 1065403                            /usr/lib/jvm/java-7-openjdk-amd64/jre/bin/java
00600000-00601000 r--p 00000000 08:12 1065403                            /usr/lib/jvm/java-7-openjdk-amd64/jre/bin/java
00601000-00602000 rw-p 00001000 08:12 1065403                            /usr/lib/jvm/java-7-openjdk-amd64/jre/bin/java
00a9e000-00abf000 rw-p 00000000 00:00 0                                  [heap]
b7c00000-b90c0000 rw-p 00000000 00:00 0 
b90c0000-c2200000 rw-p 00000000 00:00 0 
c2200000-c4b40000 rw-p 00000000 00:00 0 
c4b40000-eb600000 rw-p 00000000 00:00 0 
eb600000-eca90000 rw-p 00000000 00:00 0 
eca90000-100000000 rw-p 00000000 00:00 0 
7f64bc000000-7f64bc021000 rw-p 00000000 00:00 0 
7f64bc021000-7f64c0000000 ---p 00000000 00:00 0 
7f64c4000000-7f64c4021000 rw-p 00000000 00:00 0 
7f64c4021000-7f64c8000000 ---p 00000000 00:00 0 
7f64cc000000-7f64cc021000 rw-p 00000000 00:00 0 
7f64cc021000-7f64d0000000 ---p 00000000 00:00 0 
7f64d4000000-7f64d4021000 rw-p 00000000 00:00 0 
7f64d4021000-7f64d8000000 ---p 00000000 00:00 0 
7f64dc000000-7f64dc021000 rw-p 00000000 00:00 0 
7f64dc021000-7f64e0000000 ---p 00000000 00:00 0 
7f64e1be0000-7f64e4000000 rw-p 00000000 00:00 0 
7f64e4000000-7f64e4021000 rw-p 00000000 00:00 0 
7f64e4021000-7f64e8000000 ---p 00000000 00:00 0 
7f64e8000000-7f64e8021000 rw-p 00000000 00:00 0 
7f64e8021000-7f64ec000000 ---p 00000000 00:00 0 
7f64ec000000-7f64ec021000 rw-p 00000000 00:00 0 
7f64ec021000-7f64f0000000 ---p 00000000 00:00 0 
7f64f1000000-7f64f1270000 rwxp 00000000 00:00 0 
7f64f1270000-7f64f4068000 rw-p 00000000 00:00 0 
7f64f4068000-7f64f8000000 ---p 00000000 00:00 0 
7f64f86dd000-7f64f8920000 rw-p 00000000 00:00 0 
7f64f8920000-7f64f89ea000 r--s 011ad000 08:12 4202112                    /apps/eclipse/android/sdk/platforms/android-18/android.jar
7f64f89ea000-7f64f931a000 rw-p 00000000 00:00 0 
7f64f931a000-7f64f931b000 ---p 00000000 00:00 0 
7f64f931b000-7f64f941b000 rw-p 00000000 00:00 0                          [stack:16314]
7f64f941b000-7f64f941c000 ---p 00000000 00:00 0 
7f64f941c000-7f64f951c000 rw-p 00000000 00:00 0                          [stack:16313]
7f64f951c000-7f64f951d000 ---p 00000000 00:00 0 
7f64f951d000-7f64f961d000 rw-p 00000000 00:00 0                          [stack:16312]
7f64f961d000-7f64f961e000 ---p 00000000 00:00 0 
7f64f961e000-7f64f971e000 rw-p 00000000 00:00 0                          [stack:16311]
7f64f971e000-7f64f971f000 ---p 00000000 00:00 0 
7f64f971f000-7f64f981f000 rw-p 00000000 00:00 0                          [stack:16310]
7f64f981f000-7f64f9820000 ---p 00000000 00:00 0 
7f64f9820000-7f64f9920000 rw-p 00000000 00:00 0                          [stack:16309]
7f64f9920000-7f64f9921000 ---p 00000000 00:00 0 
7f64f9921000-7f64f9a21000 rw-p 00000000 00:00 0                          [stack:16308]
7f64f9a21000-7f64f9a22000 ---p 00000000 00:00 0 
7f64f9a22000-7f64f9b2d000 rw-p 00000000 00:00 0                          [stack:16307]
7f64f9b2d000-7f64f9b75000 rw-p 00000000 00:00 0 
7f64f9b75000-7f64f9b8a000 rw-p 00000000 00:00 0 
7f64f9b8a000-7f64f9cbf000 rw-p 00000000 00:00 0 
7f64f9cbf000-7f64f9cca000 rw-p 00000000 00:00 0 
7f64f9cca000-7f64f9d12000 rw-p 00000000 00:00 0 
7f64f9d12000-7f64f9d27000 rw-p 00000000 00:00 0 
7f64f9d27000-7f64f9e5c000 rw-p 00000000 00:00 0 
7f64f9e5c000-7f64f9e67000 rw-p 00000000 00:00 0 
7f64f9e67000-7f64f9f01000 rw-p 00000000 00:00 0 
7f64f9f01000-7f64f9f02000 rw-p 00000000 00:00 0 
7f64f9f02000-7f64f9f0a000 r-xp 00000000 08:12 1192428                    /usr/lib/jvm/java-7-openjdk-amd64/jre/lib/amd64/libzip.so
7f64f9f0a000-7f64fa109000 ---p 00008000 08:12 1192428                    /usr/lib/jvm/java-7-openjdk-amd64/jre/lib/amd64/libzip.so
7f64fa109000-7f64fa10a000 r--p 00007000 08:12 1192428                    /usr/lib/jvm/java-7-openjdk-amd64/jre/lib/amd64/libzip.so
7f64fa10a000-7f64fa10b000 rw-p 00008000 08:12 1192428                    /usr/lib/jvm/java-7-openjdk-amd64/jre/lib/amd64/libzip.so
7f64fa10b000-7f64fa117000 r-xp 00000000 08:12 4460305                    /lib/x86_64-linux-gnu/libnss_files-2.17.so
7f64fa117000-7f64fa316000 ---p 0000c000 08:12 4460305                    /lib/x86_64-linux-gnu/libnss_files-2.17.so
7f64fa316000-7f64fa317000 r--p 0000b000 08:12 4460305                    /lib/x86_64-linux-gnu/libnss_files-2.17.so
7f64fa317000-7f64fa318000 rw-p 0000c000 08:12 4460305                    /lib/x86_64-linux-gnu/libnss_files-2.17.so
7f64fa318000-7f64fa323000 r-xp 00000000 08:12 4460309                    /lib/x86_64-linux-gnu/libnss_nis-2.17.so
7f64fa323000-7f64fa522000 ---p 0000b000 08:12 4460309                    /lib/x86_64-linux-gnu/libnss_nis-2.17.so
7f64fa522000-7f64fa523000 r--p 0000a000 08:12 4460309                    /lib/x86_64-linux-gnu/libnss_nis-2.17.so
7f64fa523000-7f64fa524000 rw-p 0000b000 08:12 4460309                    /lib/x86_64-linux-gnu/libnss_nis-2.17.so
7f64fa524000-7f64fa53b000 r-xp 00000000 08:12 4460299                    /lib/x86_64-linux-gnu/libnsl-2.17.so
7f64fa53b000-7f64fa73a000 ---p 00017000 08:12 4460299                    /lib/x86_64-linux-gnu/libnsl-2.17.so
7f64fa73a000-7f64fa73b000 r--p 00016000 08:12 4460299                    /lib/x86_64-linux-gnu/libnsl-2.17.so
7f64fa73b000-7f64fa73c000 rw-p 00017000 08:12 4460299                    /lib/x86_64-linux-gnu/libnsl-2.17.so
7f64fa73c000-7f64fa73e000 rw-p 00000000 00:00 0 
7f64fa73e000-7f64fa746000 r-xp 00000000 08:12 4460301                    /lib/x86_64-linux-gnu/libnss_compat-2.17.so
7f64fa746000-7f64fa945000 ---p 00008000 08:12 4460301                    /lib/x86_64-linux-gnu/libnss_compat-2.17.so
7f64fa945000-7f64fa946000 r--p 00007000 08:12 4460301                    /lib/x86_64-linux-gnu/libnss_compat-2.17.so
7f64fa946000-7f64fa947000 rw-p 00008000 08:12 4460301                    /lib/x86_64-linux-gnu/libnss_compat-2.17.so
7f64fa947000-7f64fa972000 r-xp 00000000 08:12 1192412                    /usr/lib/jvm/java-7-openjdk-amd64/jre/lib/amd64/libjava.so
7f64fa972000-7f64fab71000 ---p 0002b000 08:12 1192412                    /usr/lib/jvm/java-7-openjdk-amd64/jre/lib/amd64/libjava.so
7f64fab71000-7f64fab72000 r--p 0002a000 08:12 1192412                    /usr/lib/jvm/java-7-openjdk-amd64/jre/lib/amd64/libjava.so
7f64fab72000-7f64fab74000 rw-p 0002b000 08:12 1192412                    /usr/lib/jvm/java-7-openjdk-amd64/jre/lib/amd64/libjava.so
7f64fab74000-7f64fab83000 r-xp 00000000 08:12 1192411                    /usr/lib/jvm/java-7-openjdk-amd64/jre/lib/amd64/libverify.so
7f64fab83000-7f64fad82000 ---p 0000f000 08:12 1192411                    /usr/lib/jvm/java-7-openjdk-amd64/jre/lib/amd64/libverify.so
7f64fad82000-7f64fad84000 r--p 0000e000 08:12 1192411                    /usr/lib/jvm/java-7-openjdk-amd64/jre/lib/amd64/libverify.so
7f64fad84000-7f64fad85000 rw-p 00010000 08:12 1192411                    /usr/lib/jvm/java-7-openjdk-amd64/jre/lib/amd64/libverify.so
7f64fad85000-7f64fad8c000 r-xp 00000000 08:12 4460352                    /lib/x86_64-linux-gnu/librt-2.17.so
7f64fad8c000-7f64faf8b000 ---p 00007000 08:12 4460352                    /lib/x86_64-linux-gnu/librt-2.17.so
7f64faf8b000-7f64faf8c000 r--p 00006000 08:12 4460352                    /lib/x86_64-linux-gnu/librt-2.17.so
7f64faf8c000-7f64faf8d000 rw-p 00007000 08:12 4460352                    /lib/x86_64-linux-gnu/librt-2.17.so
7f64faf8d000-7f64fafa1000 r-xp 00000000 08:12 4460257                    /lib/x86_64-linux-gnu/libgcc_s.so.1
7f64fafa1000-7f64fb1a1000 ---p 00014000 08:12 4460257                    /lib/x86_64-linux-gnu/libgcc_s.so.1
7f64fb1a1000-7f64fb1a2000 r--p 00014000 08:12 4460257                    /lib/x86_64-linux-gnu/libgcc_s.so.1
7f64fb1a2000-7f64fb1a3000 rw-p 00015000 08:12 4460257                    /lib/x86_64-linux-gnu/libgcc_s.so.1
7f64fb1a3000-7f64fb2a6000 r-xp 00000000 08:12 4460280                    /lib/x86_64-linux-gnu/libm-2.17.so
7f64fb2a6000-7f64fb4a6000 ---p 00103000 08:12 4460280                    /lib/x86_64-linux-gnu/libm-2.17.so
7f64fb4a6000-7f64fb4a7000 r--p 00103000 08:12 4460280                    /lib/x86_64-linux-gnu/libm-2.17.so
7f64fb4a7000-7f64fb4a8000 rw-p 00104000 08:12 4460280                    /lib/x86_64-linux-gnu/libm-2.17.so
7f64fb4a8000-7f64fb58d000 r-xp 00000000 08:12 1056775                    /usr/lib/x86_64-linux-gnu/libstdc++.so.6.0.17
7f64fb58d000-7f64fb78c000 ---p 000e5000 08:12 1056775                    /usr/lib/x86_64-linux-gnu/libstdc++.so.6.0.17
7f64fb78c000-7f64fb794000 r--p 000e4000 08:12 1056775                    /usr/lib/x86_64-linux-gnu/libstdc++.so.6.0.17
7f64fb794000-7f64fb796000 rw-p 000ec000 08:12 1056775                    /usr/lib/x86_64-linux-gnu/libstdc++.so.6.0.17
7f64fb796000-7f64fb7ab000 rw-p 00000000 00:00 0 
7f64fb7ab000-7f64fc19b000 r-xp 00000000 08:12 1192417                    /usr/lib/jvm/java-7-openjdk-amd64/jre/lib/amd64/server/libjvm.so
7f64fc19b000-7f64fc39a000 ---p 009f0000 08:12 1192417                    /usr/lib/jvm/java-7-openjdk-amd64/jre/lib/amd64/server/libjvm.so
7f64fc39a000-7f64fc419000 r--p 009ef000 08:12 1192417                    /usr/lib/jvm/java-7-openjdk-amd64/jre/lib/amd64/server/libjvm.so
7f64fc419000-7f64fc43c000 rw-p 00a6e000 08:12 1192417                    /usr/lib/jvm/java-7-openjdk-amd64/jre/lib/amd64/server/libjvm.so
7f64fc43c000-7f64fc467000 rw-p 00000000 00:00 0 
7f64fc467000-7f64fc47d000 r-xp 00000000 08:12 4460385                    /lib/x86_64-linux-gnu/libz.so.1.2.7
7f64fc47d000-7f64fc67c000 ---p 00016000 08:12 4460385                    /lib/x86_64-linux-gnu/libz.so.1.2.7
7f64fc67c000-7f64fc67d000 r--p 00015000 08:12 4460385                    /lib/x86_64-linux-gnu/libz.so.1.2.7
7f64fc67d000-7f64fc67e000 rw-p 00016000 08:12 4460385                    /lib/x86_64-linux-gnu/libz.so.1.2.7
7f64fc67e000-7f64fc696000 r-xp 00000000 08:12 4460344                    /lib/x86_64-linux-gnu/libpthread-2.17.so
7f64fc696000-7f64fc895000 ---p 00018000 08:12 4460344                    /lib/x86_64-linux-gnu/libpthread-2.17.so
7f64fc895000-7f64fc896000 r--p 00017000 08:12 4460344                    /lib/x86_64-linux-gnu/libpthread-2.17.so
7f64fc896000-7f64fc897000 rw-p 00018000 08:12 4460344                    /lib/x86_64-linux-gnu/libpthread-2.17.so
7f64fc897000-7f64fc89b000 rw-p 00000000 00:00 0 
7f64fc89b000-7f64fc89e000 r-xp 00000000 08:12 4460247                    /lib/x86_64-linux-gnu/libdl-2.17.so
7f64fc89e000-7f64fca9d000 ---p 00003000 08:12 4460247                    /lib/x86_64-linux-gnu/libdl-2.17.so
7f64fca9d000-7f64fca9e000 r--p 00002000 08:12 4460247                    /lib/x86_64-linux-gnu/libdl-2.17.so
7f64fca9e000-7f64fca9f000 rw-p 00003000 08:12 4460247                    /lib/x86_64-linux-gnu/libdl-2.17.so
7f64fca9f000-7f64fcc5d000 r-xp 00000000 08:12 4460232                    /lib/x86_64-linux-gnu/libc-2.17.so
7f64fcc5d000-7f64fce5c000 ---p 001be000 08:12 4460232                    /lib/x86_64-linux-gnu/libc-2.17.so
7f64fce5c000-7f64fce60000 r--p 001bd000 08:12 4460232                    /lib/x86_64-linux-gnu/libc-2.17.so
7f64fce60000-7f64fce62000 rw-p 001c1000 08:12 4460232                    /lib/x86_64-linux-gnu/libc-2.17.so
7f64fce62000-7f64fce67000 rw-p 00000000 00:00 0 
7f64fce67000-7f64fce74000 r-xp 00000000 08:12 1192394                    /usr/lib/jvm/java-7-openjdk-amd64/jre/lib/amd64/jli/libjli.so
7f64fce74000-7f64fd073000 ---p 0000d000 08:12 1192394                    /usr/lib/jvm/java-7-openjdk-amd64/jre/lib/amd64/jli/libjli.so
7f64fd073000-7f64fd074000 r--p 0000c000 08:12 1192394                    /usr/lib/jvm/java-7-openjdk-amd64/jre/lib/amd64/jli/libjli.so
7f64fd074000-7f64fd075000 rw-p 0000d000 08:12 1192394                    /usr/lib/jvm/java-7-openjdk-amd64/jre/lib/amd64/jli/libjli.so
7f64fd075000-7f64fd098000 r-xp 00000000 08:12 4460208                    /lib/x86_64-linux-gnu/ld-2.17.so
7f64fd0b3000-7f64fd0bd000 rw-p 00000000 00:00 0 
7f64fd0bd000-7f64fd173000 rw-p 00000000 00:00 0 
7f64fd173000-7f64fd176000 ---p 00000000 00:00 0 
7f64fd176000-7f64fd279000 rw-p 00000000 00:00 0                          [stack:16306]
7f64fd289000-7f64fd28b000 rw-p 00000000 00:00 0 
7f64fd28b000-7f64fd293000 rw-s 00000000 08:12 1457115                    /tmp/hsperfdata_urbs/16299
7f64fd293000-7f64fd294000 rw-p 00000000 00:00 0 
7f64fd294000-7f64fd295000 r--p 00000000 00:00 0 
7f64fd295000-7f64fd297000 rw-p 00000000 00:00 0 
7f64fd297000-7f64fd298000 r--p 00022000 08:12 4460208                    /lib/x86_64-linux-gnu/ld-2.17.so
7f64fd298000-7f64fd29a000 rw-p 00023000 08:12 4460208                    /lib/x86_64-linux-gnu/ld-2.17.so
7fff73757000-7fff73778000 rw-p 00000000 00:00 0                          [stack]
7fff737fe000-7fff73800000 r-xp 00000000 00:00 0                          [vdso]
ffffffffff600000-ffffffffff601000 r-xp 00000000 00:00 0                  [vsyscall]

VM Arguments:
jvm_args: -Dfile.encoding=UTF-8 -Xbootclasspath:/apps/eclipse/android/sdk/platforms/android-18/android.jar 
java_command: org.eclipse.jdt.internal.junit.runner.RemoteTestRunner -version 3 -port 34000 -testLoaderClass org.eclipse.jdt.internal.junit4.runner.JUnit4TestLoader -loaderpluginname org.eclipse.jdt.junit4.runtime -classNames com.urbs.bgscore.test.AgricolaTest
Launcher Type: SUN_STANDARD

Environment Variables:
PATH=/usr/lib/lightdm/lightdm:/usr/local/sbin:/usr/local/bin:/usr/sbin:/usr/bin:/sbin:/bin:/usr/games:/usr/local/games
SHELL=/bin/bash
DISPLAY=:0.0

Signal Handlers:
SIGSEGV: [libjvm.so+0x84f410], sa_mask[0]=0x7ffbfeff, sa_flags=0x10000004
SIGBUS: [libjvm.so+0x84f410], sa_mask[0]=0x7ffbfeff, sa_flags=0x10000004
SIGFPE: [libjvm.so+0x6f19a0], sa_mask[0]=0x7ffbfeff, sa_flags=0x10000004
SIGPIPE: [libjvm.so+0x6f19a0], sa_mask[0]=0x7ffbfeff, sa_flags=0x10000004
SIGXFSZ: [libjvm.so+0x6f19a0], sa_mask[0]=0x7ffbfeff, sa_flags=0x10000004
SIGILL: [libjvm.so+0x6f19a0], sa_mask[0]=0x7ffbfeff, sa_flags=0x10000004
SIGUSR1: SIG_DFL, sa_mask[0]=0x00000000, sa_flags=0x00000000
SIGUSR2: [libjvm.so+0x6f1d70], sa_mask[0]=0x00000004, sa_flags=0x10000004
SIGHUP: SIG_DFL, sa_mask[0]=0x00000000, sa_flags=0x00000000
SIGINT: SIG_DFL, sa_mask[0]=0x00000000, sa_flags=0x00000000
SIGTERM: SIG_DFL, sa_mask[0]=0x00000000, sa_flags=0x00000000
SIGQUIT: SIG_DFL, sa_mask[0]=0x00000000, sa_flags=0x00000000


---------------  S Y S T E M  ---------------

OS:Ubuntu 13.04 (raring)
uname:Linux 3.8.0-31-generic #46-Ubuntu SMP Tue Sep 10 20:03:44 UTC 2013 x86_64
libc:glibc 2.17 NPTL 2.17 
rlimit: STACK 8192k, CORE 0k, NPROC 31472, NOFILE 4096, AS infinity
load average:0.50 0.55 0.51

/proc/meminfo:
MemTotal:        4047648 kB
MemFree:          810692 kB
Buffers:           91212 kB
Cached:          1151468 kB
SwapCached:         5356 kB
Active:          1380628 kB
Inactive:        1192908 kB
Active(anon):     780888 kB
Inactive(anon):   553484 kB
Active(file):     599740 kB
Inactive(file):   639424 kB
Unevictable:          32 kB
Mlocked:              32 kB
SwapTotal:       1452028 kB
SwapFree:        1418636 kB
Dirty:               660 kB
Writeback:            16 kB
AnonPages:       1326584 kB
Mapped:           139912 kB
Shmem:              3188 kB
Slab:             143860 kB
SReclaimable:     105404 kB
SUnreclaim:        38456 kB
KernelStack:        4592 kB
PageTables:        31244 kB
NFS_Unstable:          0 kB
Bounce:                0 kB
WritebackTmp:          0 kB
CommitLimit:     3475852 kB
Committed_AS:    4733488 kB
VmallocTotal:   34359738367 kB
VmallocUsed:      308028 kB
VmallocChunk:   34359423484 kB
HardwareCorrupted:     0 kB
AnonHugePages:         0 kB
HugePages_Total:       0
HugePages_Free:        0
HugePages_Rsvd:        0
HugePages_Surp:        0
Hugepagesize:       2048 kB
DirectMap4k:      125824 kB
DirectMap2M:     4067328 kB


CPU:total 8 (4 cores per cpu, 2 threads per core) family 6 model 26 stepping 5, cmov, cx8, fxsr, mmx, sse, sse2, sse3, ssse3, sse4.1, sse4.2, popcnt, ht, tsc, tscinvbit, tscinv

/proc/cpuinfo:
processor	: 0
vendor_id	: GenuineIntel
cpu family	: 6
model		: 26
model name	: Intel(R) Core(TM) i7 CPU         920  @ 2.67GHz
stepping	: 5
microcode	: 0x11
cpu MHz		: 1596.000
cache size	: 8192 KB
physical id	: 0
siblings	: 8
core id		: 0
cpu cores	: 4
apicid		: 0
initial apicid	: 0
fpu		: yes
fpu_exception	: yes
cpuid level	: 11
wp		: yes
flags		: fpu vme de pse tsc msr pae mce cx8 apic sep mtrr pge mca cmov pat pse36 clflush dts acpi mmx fxsr sse sse2 ss ht tm pbe syscall nx rdtscp lm constant_tsc arch_perfmon pebs bts rep_good nopl xtopology nonstop_tsc aperfmperf pni dtes64 monitor ds_cpl vmx est tm2 ssse3 cx16 xtpr pdcm sse4_1 sse4_2 popcnt lahf_lm dtherm tpr_shadow vnmi flexpriority ept vpid
bogomips	: 5320.20
clflush size	: 64
cache_alignment	: 64
address sizes	: 36 bits physical, 48 bits virtual
power management:

processor	: 1
vendor_id	: GenuineIntel
cpu family	: 6
model		: 26
model name	: Intel(R) Core(TM) i7 CPU         920  @ 2.67GHz
stepping	: 5
microcode	: 0x11
cpu MHz		: 2660.000
cache size	: 8192 KB
physical id	: 0
siblings	: 8
core id		: 1
cpu cores	: 4
apicid		: 2
initial apicid	: 2
fpu		: yes
fpu_exception	: yes
cpuid level	: 11
wp		: yes
flags		: fpu vme de pse tsc msr pae mce cx8 apic sep mtrr pge mca cmov pat pse36 clflush dts acpi mmx fxsr sse sse2 ss ht tm pbe syscall nx rdtscp lm constant_tsc arch_perfmon pebs bts rep_good nopl xtopology nonstop_tsc aperfmperf pni dtes64 monitor ds_cpl vmx est tm2 ssse3 cx16 xtpr pdcm sse4_1 sse4_2 popcnt lahf_lm dtherm tpr_shadow vnmi flexpriority ept vpid
bogomips	: 5320.20
clflush size	: 64
cache_alignment	: 64
address sizes	: 36 bits physical, 48 bits virtual
power management:

processor	: 2
vendor_id	: GenuineIntel
cpu family	: 6
model		: 26
model name	: Intel(R) Core(TM) i7 CPU         920  @ 2.67GHz
stepping	: 5
microcode	: 0x11
cpu MHz		: 1596.000
cache size	: 8192 KB
physical id	: 0
siblings	: 8
core id		: 2
cpu cores	: 4
apicid		: 4
initial apicid	: 4
fpu		: yes
fpu_exception	: yes
cpuid level	: 11
wp		: yes
flags		: fpu vme de pse tsc msr pae mce cx8 apic sep mtrr pge mca cmov pat pse36 clflush dts acpi mmx fxsr sse sse2 ss ht tm pbe syscall nx rdtscp lm constant_tsc arch_perfmon pebs bts rep_good nopl xtopology nonstop_tsc aperfmperf pni dtes64 monitor ds_cpl vmx est tm2 ssse3 cx16 xtpr pdcm sse4_1 sse4_2 popcnt lahf_lm dtherm tpr_shadow vnmi flexpriority ept vpid
bogomips	: 5320.20
clflush size	: 64
cache_alignment	: 64
address sizes	: 36 bits physical, 48 bits virtual
power management:

processor	: 3
vendor_id	: GenuineIntel
cpu family	: 6
model		: 26
model name	: Intel(R) Core(TM) i7 CPU         920  @ 2.67GHz
stepping	: 5
microcode	: 0x11
cpu MHz		: 2660.000
cache size	: 8192 KB
physical id	: 0
siblings	: 8
core id		: 3
cpu cores	: 4
apicid		: 6
initial apicid	: 6
fpu		: yes
fpu_exception	: yes
cpuid level	: 11
wp		: yes
flags		: fpu vme de pse tsc msr pae mce cx8 apic sep mtrr pge mca cmov pat pse36 clflush dts acpi mmx fxsr sse sse2 ss ht tm pbe syscall nx rdtscp lm constant_tsc arch_perfmon pebs bts rep_good nopl xtopology nonstop_tsc aperfmperf pni dtes64 monitor ds_cpl vmx est tm2 ssse3 cx16 xtpr pdcm sse4_1 sse4_2 popcnt lahf_lm dtherm tpr_shadow vnmi flexpriority ept vpid
bogomips	: 5320.20
clflush size	: 64
cache_alignment	: 64
address sizes	: 36 bits physical, 48 bits virtual
power management:

processor	: 4
vendor_id	: GenuineIntel
cpu family	: 6
model		: 26
model name	: Intel(R) Core(TM) i7 CPU         920  @ 2.67GHz
stepping	: 5
microcode	: 0x11
cpu MHz		: 2660.000
cache size	: 8192 KB
physical id	: 0
siblings	: 8
core id		: 0
cpu cores	: 4
apicid		: 1
initial apicid	: 1
fpu		: yes
fpu_exception	: yes
cpuid level	: 11
wp		: yes
flags		: fpu vme de pse tsc msr pae mce cx8 apic sep mtrr pge mca cmov pat pse36 clflush dts acpi mmx fxsr sse sse2 ss ht tm pbe syscall nx rdtscp lm constant_tsc arch_perfmon pebs bts rep_good nopl xtopology nonstop_tsc aperfmperf pni dtes64 monitor ds_cpl vmx est tm2 ssse3 cx16 xtpr pdcm sse4_1 sse4_2 popcnt lahf_lm dtherm tpr_shadow vnmi flexpriority ept vpid
bogomips	: 5320.20
clflush size	: 64
cache_alignment	: 64
address sizes	: 36 bits physical, 48 bits virtual
power management:

processor	: 5
vendor_id	: GenuineIntel
cpu family	: 6
model		: 26
model name	: Intel(R) Core(TM) i7 CPU         920  @ 2.67GHz
stepping	: 5
microcode	: 0x11
cpu MHz		: 1596.000
cache size	: 8192 KB
physical id	: 0
siblings	: 8
core id		: 1
cpu cores	: 4
apicid		: 3
initial apicid	: 3
fpu		: yes
fpu_exception	: yes
cpuid level	: 11
wp		: yes
flags		: fpu vme de pse tsc msr pae mce cx8 apic sep mtrr pge mca cmov pat pse36 clflush dts acpi mmx fxsr sse sse2 ss ht tm pbe syscall nx rdtscp lm constant_tsc arch_perfmon pebs bts rep_good nopl xtopology nonstop_tsc aperfmperf pni dtes64 monitor ds_cpl vmx est tm2 ssse3 cx16 xtpr pdcm sse4_1 sse4_2 popcnt lahf_lm dtherm tpr_shadow vnmi flexpriority ept vpid
bogomips	: 5320.20
clflush size	: 64
cache_alignment	: 64
address sizes	: 36 bits physical, 48 bits virtual
power management:

processor	: 6
vendor_id	: GenuineIntel
cpu family	: 6
model		: 26
model name	: Intel(R) Core(TM) i7 CPU         920  @ 2.67GHz
stepping	: 5
microcode	: 0x11
cpu MHz		: 1596.000
cache size	: 8192 KB
physical id	: 0
siblings	: 8
core id		: 2
cpu cores	: 4
apicid		: 5
initial apicid	: 5
fpu		: yes
fpu_exception	: yes
cpuid level	: 11
wp		: yes
flags		: fpu vme de pse tsc msr pae mce cx8 apic sep mtrr pge mca cmov pat pse36 clflush dts acpi mmx fxsr sse sse2 ss ht tm pbe syscall nx rdtscp lm constant_tsc arch_perfmon pebs bts rep_good nopl xtopology nonstop_tsc aperfmperf pni dtes64 monitor ds_cpl vmx est tm2 ssse3 cx16 xtpr pdcm sse4_1 sse4_2 popcnt lahf_lm dtherm tpr_shadow vnmi flexpriority ept vpid
bogomips	: 5320.20
clflush size	: 64
cache_alignment	: 64
address sizes	: 36 bits physical, 48 bits virtual
power management:

processor	: 7
vendor_id	: GenuineIntel
cpu family	: 6
model		: 26
model name	: Intel(R) Core(TM) i7 CPU         920  @ 2.67GHz
stepping	: 5
microcode	: 0x11
cpu MHz		: 2660.000
cache size	: 8192 KB
physical id	: 0
siblings	: 8
core id		: 3
cpu cores	: 4
apicid		: 7
initial apicid	: 7
fpu		: yes
fpu_exception	: yes
cpuid level	: 11
wp		: yes
flags		: fpu vme de pse tsc msr pae mce cx8 apic sep mtrr pge mca cmov pat pse36 clflush dts acpi mmx fxsr sse sse2 ss ht tm pbe syscall nx rdtscp lm constant_tsc arch_perfmon pebs bts rep_good nopl xtopology nonstop_tsc aperfmperf pni dtes64 monitor ds_cpl vmx est tm2 ssse3 cx16 xtpr pdcm sse4_1 sse4_2 popcnt lahf_lm dtherm tpr_shadow vnmi flexpriority ept vpid
bogomips	: 5320.20
clflush size	: 64
cache_alignment	: 64
address sizes	: 36 bits physical, 48 bits virtual
power management:



Memory: 4k page, physical 4047648k(810692k free), swap 1452028k(1418636k free)

vm_info: OpenJDK 64-Bit Server VM (23.7-b01) for linux-amd64 JRE (1.7.0_25-b30), built on Jul  3 2013 13:50:39 by "buildd" with gcc 4.7.3

time: Thu Oct 10 01:50:47 2013
elapsed time: 0 seconds

