#
# A fatal error has been detected by the Java Runtime Environment:
#
#  Internal Error (javaClasses.cpp:129), pid=16360, tid=139799972587264
#  fatal error: Invalid layout of preloaded class
#
# JRE version: 7.0_25-b30
# Java VM: OpenJDK 64-Bit Server VM (23.7-b01 mixed mode linux-amd64 compressed oops)
# Failed to write core dump. Core dumps have been disabled. To enable core dumping, try "ulimit -c unlimited" before starting Java again
#
# If you would like to submit a bug report, please include
# instructions on how to reproduce the bug and visit:
#   https://bugs.launchpad.net/ubuntu/+source/openjdk-7/
#

---------------  T H R E A D  ---------------

Current thread (0x00007f25b0009000):  JavaThread "Unknown thread" [_thread_in_vm, id=16369, stack(0x00007f25b7a4a000,0x00007f25b7b4b000)]

Stack: [0x00007f25b7a4a000,0x00007f25b7b4b000],  sp=0x00007f25b7b499a0,  free space=1022k
Native frames: (J=compiled Java code, j=interpreted, Vv=VM code, C=native code)
V  [libjvm.so+0x84e92b]  VMError::report_and_die()+0x16b
V  [libjvm.so+0x3ebd57]  report_fatal(char const*, int, char const*)+0x57
V  [libjvm.so+0x528efa]  compute_offset(int&, klassOopDesc*, Symbol*, Symbol*, bool) [clone .constprop.123]+0x11a
V  [libjvm.so+0x529166]  java_lang_String::compute_offsets()+0x36
V  [libjvm.so+0x7dcf8d]  SystemDictionary::initialize_preloaded_classes(Thread*)+0x3d
V  [libjvm.so+0x829288]  Universe::genesis(Thread*)+0x468
V  [libjvm.so+0x82973f]  universe2_init()+0x1f
V  [libjvm.so+0x4dde1a]  init_globals()+0x9a
V  [libjvm.so+0x80d26c]  Threads::create_vm(JavaVMInitArgs*, bool*)+0x39c
V  [libjvm.so+0x545278]  JNI_CreateJavaVM+0x58
C  [libjli.so+0x2b34]  __strcat_chk+0x2b34


---------------  P R O C E S S  ---------------

Java Threads: ( => current thread )

Other Threads:

=>0x00007f25b0009000 (exited) JavaThread "Unknown thread" [_thread_in_vm, id=16369, stack(0x00007f25b7a4a000,0x00007f25b7b4b000)]

VM state:not at safepoint (not fully initialized)

VM Mutex/Monitor currently owned by a thread: None

GC Heap History (0 events):
No events

Deoptimization events (0 events):
No events

Internal exceptions (0 events):
No events

Events (10 events):
Event: 0.009 loading class 0x00007f25b0032790 done
Event: 0.009 loading class 0x00007f25b0032030 done
Event: 0.009 loading class 0x00007f25b0032000
Event: 0.009 loading class 0x00007f25b005d370
Event: 0.009 loading class 0x00007f25b005d370 done
Event: 0.009 loading class 0x00007f25b005d3b0
Event: 0.009 loading class 0x00007f25b005d3b0 done
Event: 0.009 loading class 0x00007f25b005d3f0
Event: 0.009 loading class 0x00007f25b005d3f0 done
Event: 0.009 loading class 0x00007f25b0032000 done


Dynamic libraries:
00400000-00401000 r-xp 00000000 08:12 1065403                            /usr/lib/jvm/java-7-openjdk-amd64/jre/bin/java
00600000-00601000 r--p 00000000 08:12 1065403                            /usr/lib/jvm/java-7-openjdk-amd64/jre/bin/java
00601000-00602000 rw-p 00001000 08:12 1065403                            /usr/lib/jvm/java-7-openjdk-amd64/jre/bin/java
00c93000-00cb4000 rw-p 00000000 00:00 0                                  [heap]
b7c00000-b90c0000 rw-p 00000000 00:00 0 
b90c0000-c2200000 rw-p 00000000 00:00 0 
c2200000-c4b40000 rw-p 00000000 00:00 0 
c4b40000-eb600000 rw-p 00000000 00:00 0 
eb600000-eca90000 rw-p 00000000 00:00 0 
eca90000-100000000 rw-p 00000000 00:00 0 
7f2570000000-7f2570021000 rw-p 00000000 00:00 0 
7f2570021000-7f2574000000 ---p 00000000 00:00 0 
7f2578000000-7f2578021000 rw-p 00000000 00:00 0 
7f2578021000-7f257c000000 ---p 00000000 00:00 0 
7f2580000000-7f2580021000 rw-p 00000000 00:00 0 
7f2580021000-7f2584000000 ---p 00000000 00:00 0 
7f2588000000-7f2588021000 rw-p 00000000 00:00 0 
7f2588021000-7f258c000000 ---p 00000000 00:00 0 
7f2590000000-7f2590021000 rw-p 00000000 00:00 0 
7f2590021000-7f2594000000 ---p 00000000 00:00 0 
7f2598000000-7f2598021000 rw-p 00000000 00:00 0 
7f2598021000-7f259c000000 ---p 00000000 00:00 0 
7f25a0000000-7f25a0021000 rw-p 00000000 00:00 0 
7f25a0021000-7f25a4000000 ---p 00000000 00:00 0 
7f25a5a9c000-7f25a8000000 rw-p 00000000 00:00 0 
7f25a8000000-7f25a8021000 rw-p 00000000 00:00 0 
7f25a8021000-7f25ac000000 ---p 00000000 00:00 0 
7f25ac0f4000-7f25acafb000 rw-p 00000000 00:00 0 
7f25acafb000-7f25acafc000 ---p 00000000 00:00 0 
7f25acafc000-7f25acbfc000 rw-p 00000000 00:00 0                          [stack:16377]
7f25acbfc000-7f25acbfd000 ---p 00000000 00:00 0 
7f25acbfd000-7f25accfd000 rw-p 00000000 00:00 0                          [stack:16376]
7f25accfd000-7f25accfe000 ---p 00000000 00:00 0 
7f25accfe000-7f25acdfe000 rw-p 00000000 00:00 0                          [stack:16375]
7f25acdfe000-7f25acdff000 ---p 00000000 00:00 0 
7f25acdff000-7f25aceff000 rw-p 00000000 00:00 0                          [stack:16374]
7f25aceff000-7f25acf00000 ---p 00000000 00:00 0 
7f25acf00000-7f25ad000000 rw-p 00000000 00:00 0                          [stack:16373]
7f25ad000000-7f25ad270000 rwxp 00000000 00:00 0 
7f25ad270000-7f25b0068000 rw-p 00000000 00:00 0 
7f25b0068000-7f25b4000000 ---p 00000000 00:00 0 
7f25b4004000-7f25b40ce000 r--s 011ad000 08:12 4202112                    /apps/eclipse/android/sdk/platforms/android-18/android.jar
7f25b40ce000-7f25b40f6000 rw-p 00000000 00:00 0 
7f25b40f6000-7f25b40f7000 ---p 00000000 00:00 0 
7f25b40f7000-7f25b41f7000 rw-p 00000000 00:00 0                          [stack:16372]
7f25b41f7000-7f25b41f8000 ---p 00000000 00:00 0 
7f25b41f8000-7f25b42f8000 rw-p 00000000 00:00 0                          [stack:16371]
7f25b42f8000-7f25b42f9000 ---p 00000000 00:00 0 
7f25b42f9000-7f25b4404000 rw-p 00000000 00:00 0                          [stack:16370]
7f25b4404000-7f25b444c000 rw-p 00000000 00:00 0 
7f25b444c000-7f25b4461000 rw-p 00000000 00:00 0 
7f25b4461000-7f25b4596000 rw-p 00000000 00:00 0 
7f25b4596000-7f25b45a1000 rw-p 00000000 00:00 0 
7f25b45a1000-7f25b45e9000 rw-p 00000000 00:00 0 
7f25b45e9000-7f25b45fe000 rw-p 00000000 00:00 0 
7f25b45fe000-7f25b4733000 rw-p 00000000 00:00 0 
7f25b4733000-7f25b473e000 rw-p 00000000 00:00 0 
7f25b473e000-7f25b47d8000 rw-p 00000000 00:00 0 
7f25b47d8000-7f25b47d9000 rw-p 00000000 00:00 0 
7f25b47d9000-7f25b47e1000 r-xp 00000000 08:12 1192428                    /usr/lib/jvm/java-7-openjdk-amd64/jre/lib/amd64/libzip.so
7f25b47e1000-7f25b49e0000 ---p 00008000 08:12 1192428                    /usr/lib/jvm/java-7-openjdk-amd64/jre/lib/amd64/libzip.so
7f25b49e0000-7f25b49e1000 r--p 00007000 08:12 1192428                    /usr/lib/jvm/java-7-openjdk-amd64/jre/lib/amd64/libzip.so
7f25b49e1000-7f25b49e2000 rw-p 00008000 08:12 1192428                    /usr/lib/jvm/java-7-openjdk-amd64/jre/lib/amd64/libzip.so
7f25b49e2000-7f25b49ee000 r-xp 00000000 08:12 4460305                    /lib/x86_64-linux-gnu/libnss_files-2.17.so
7f25b49ee000-7f25b4bed000 ---p 0000c000 08:12 4460305                    /lib/x86_64-linux-gnu/libnss_files-2.17.so
7f25b4bed000-7f25b4bee000 r--p 0000b000 08:12 4460305                    /lib/x86_64-linux-gnu/libnss_files-2.17.so
7f25b4bee000-7f25b4bef000 rw-p 0000c000 08:12 4460305                    /lib/x86_64-linux-gnu/libnss_files-2.17.so
7f25b4bef000-7f25b4bfa000 r-xp 00000000 08:12 4460309                    /lib/x86_64-linux-gnu/libnss_nis-2.17.so
7f25b4bfa000-7f25b4df9000 ---p 0000b000 08:12 4460309                    /lib/x86_64-linux-gnu/libnss_nis-2.17.so
7f25b4df9000-7f25b4dfa000 r--p 0000a000 08:12 4460309                    /lib/x86_64-linux-gnu/libnss_nis-2.17.so
7f25b4dfa000-7f25b4dfb000 rw-p 0000b000 08:12 4460309                    /lib/x86_64-linux-gnu/libnss_nis-2.17.so
7f25b4dfb000-7f25b4e12000 r-xp 00000000 08:12 4460299                    /lib/x86_64-linux-gnu/libnsl-2.17.so
7f25b4e12000-7f25b5011000 ---p 00017000 08:12 4460299                    /lib/x86_64-linux-gnu/libnsl-2.17.so
7f25b5011000-7f25b5012000 r--p 00016000 08:12 4460299                    /lib/x86_64-linux-gnu/libnsl-2.17.so
7f25b5012000-7f25b5013000 rw-p 00017000 08:12 4460299                    /lib/x86_64-linux-gnu/libnsl-2.17.so
7f25b5013000-7f25b5015000 rw-p 00000000 00:00 0 
7f25b5015000-7f25b501d000 r-xp 00000000 08:12 4460301                    /lib/x86_64-linux-gnu/libnss_compat-2.17.so
7f25b501d000-7f25b521c000 ---p 00008000 08:12 4460301                    /lib/x86_64-linux-gnu/libnss_compat-2.17.so
7f25b521c000-7f25b521d000 r--p 00007000 08:12 4460301                    /lib/x86_64-linux-gnu/libnss_compat-2.17.so
7f25b521d000-7f25b521e000 rw-p 00008000 08:12 4460301                    /lib/x86_64-linux-gnu/libnss_compat-2.17.so
7f25b521e000-7f25b5249000 r-xp 00000000 08:12 1192412                    /usr/lib/jvm/java-7-openjdk-amd64/jre/lib/amd64/libjava.so
7f25b5249000-7f25b5448000 ---p 0002b000 08:12 1192412                    /usr/lib/jvm/java-7-openjdk-amd64/jre/lib/amd64/libjava.so
7f25b5448000-7f25b5449000 r--p 0002a000 08:12 1192412                    /usr/lib/jvm/java-7-openjdk-amd64/jre/lib/amd64/libjava.so
7f25b5449000-7f25b544b000 rw-p 0002b000 08:12 1192412                    /usr/lib/jvm/java-7-openjdk-amd64/jre/lib/amd64/libjava.so
7f25b544b000-7f25b545a000 r-xp 00000000 08:12 1192411                    /usr/lib/jvm/java-7-openjdk-amd64/jre/lib/amd64/libverify.so
7f25b545a000-7f25b5659000 ---p 0000f000 08:12 1192411                    /usr/lib/jvm/java-7-openjdk-amd64/jre/lib/amd64/libverify.so
7f25b5659000-7f25b565b000 r--p 0000e000 08:12 1192411                    /usr/lib/jvm/java-7-openjdk-amd64/jre/lib/amd64/libverify.so
7f25b565b000-7f25b565c000 rw-p 00010000 08:12 1192411                    /usr/lib/jvm/java-7-openjdk-amd64/jre/lib/amd64/libverify.so
7f25b565c000-7f25b5663000 r-xp 00000000 08:12 4460352                    /lib/x86_64-linux-gnu/librt-2.17.so
7f25b5663000-7f25b5862000 ---p 00007000 08:12 4460352                    /lib/x86_64-linux-gnu/librt-2.17.so
7f25b5862000-7f25b5863000 r--p 00006000 08:12 4460352                    /lib/x86_64-linux-gnu/librt-2.17.so
7f25b5863000-7f25b5864000 rw-p 00007000 08:12 4460352                    /lib/x86_64-linux-gnu/librt-2.17.so
7f25b5864000-7f25b5878000 r-xp 00000000 08:12 4460257                    /lib/x86_64-linux-gnu/libgcc_s.so.1
7f25b5878000-7f25b5a78000 ---p 00014000 08:12 4460257                    /lib/x86_64-linux-gnu/libgcc_s.so.1
7f25b5a78000-7f25b5a79000 r--p 00014000 08:12 4460257                    /lib/x86_64-linux-gnu/libgcc_s.so.1
7f25b5a79000-7f25b5a7a000 rw-p 00015000 08:12 4460257                    /lib/x86_64-linux-gnu/libgcc_s.so.1
7f25b5a7a000-7f25b5b7d000 r-xp 00000000 08:12 4460280                    /lib/x86_64-linux-gnu/libm-2.17.so
7f25b5b7d000-7f25b5d7d000 ---p 00103000 08:12 4460280                    /lib/x86_64-linux-gnu/libm-2.17.so
7f25b5d7d000-7f25b5d7e000 r--p 00103000 08:12 4460280                    /lib/x86_64-linux-gnu/libm-2.17.so
7f25b5d7e000-7f25b5d7f000 rw-p 00104000 08:12 4460280                    /lib/x86_64-linux-gnu/libm-2.17.so
7f25b5d7f000-7f25b5e64000 r-xp 00000000 08:12 1056775                    /usr/lib/x86_64-linux-gnu/libstdc++.so.6.0.17
7f25b5e64000-7f25b6063000 ---p 000e5000 08:12 1056775                    /usr/lib/x86_64-linux-gnu/libstdc++.so.6.0.17
7f25b6063000-7f25b606b000 r--p 000e4000 08:12 1056775                    /usr/lib/x86_64-linux-gnu/libstdc++.so.6.0.17
7f25b606b000-7f25b606d000 rw-p 000ec000 08:12 1056775                    /usr/lib/x86_64-linux-gnu/libstdc++.so.6.0.17
7f25b606d000-7f25b6082000 rw-p 00000000 00:00 0 
7f25b6082000-7f25b6a72000 r-xp 00000000 08:12 1192417                    /usr/lib/jvm/java-7-openjdk-amd64/jre/lib/amd64/server/libjvm.so
7f25b6a72000-7f25b6c71000 ---p 009f0000 08:12 1192417                    /usr/lib/jvm/java-7-openjdk-amd64/jre/lib/amd64/server/libjvm.so
7f25b6c71000-7f25b6cf0000 r--p 009ef000 08:12 1192417                    /usr/lib/jvm/java-7-openjdk-amd64/jre/lib/amd64/server/libjvm.so
7f25b6cf0000-7f25b6d13000 rw-p 00a6e000 08:12 1192417                    /usr/lib/jvm/java-7-openjdk-amd64/jre/lib/amd64/server/libjvm.so
7f25b6d13000-7f25b6d3e000 rw-p 00000000 00:00 0 
7f25b6d3e000-7f25b6d54000 r-xp 00000000 08:12 4460385                    /lib/x86_64-linux-gnu/libz.so.1.2.7
7f25b6d54000-7f25b6f53000 ---p 00016000 08:12 4460385                    /lib/x86_64-linux-gnu/libz.so.1.2.7
7f25b6f53000-7f25b6f54000 r--p 00015000 08:12 4460385                    /lib/x86_64-linux-gnu/libz.so.1.2.7
7f25b6f54000-7f25b6f55000 rw-p 00016000 08:12 4460385                    /lib/x86_64-linux-gnu/libz.so.1.2.7
7f25b6f55000-7f25b6f6d000 r-xp 00000000 08:12 4460344                    /lib/x86_64-linux-gnu/libpthread-2.17.so
7f25b6f6d000-7f25b716c000 ---p 00018000 08:12 4460344                    /lib/x86_64-linux-gnu/libpthread-2.17.so
7f25b716c000-7f25b716d000 r--p 00017000 08:12 4460344                    /lib/x86_64-linux-gnu/libpthread-2.17.so
7f25b716d000-7f25b716e000 rw-p 00018000 08:12 4460344                    /lib/x86_64-linux-gnu/libpthread-2.17.so
7f25b716e000-7f25b7172000 rw-p 00000000 00:00 0 
7f25b7172000-7f25b7175000 r-xp 00000000 08:12 4460247                    /lib/x86_64-linux-gnu/libdl-2.17.so
7f25b7175000-7f25b7374000 ---p 00003000 08:12 4460247                    /lib/x86_64-linux-gnu/libdl-2.17.so
7f25b7374000-7f25b7375000 r--p 00002000 08:12 4460247                    /lib/x86_64-linux-gnu/libdl-2.17.so
7f25b7375000-7f25b7376000 rw-p 00003000 08:12 4460247                    /lib/x86_64-linux-gnu/libdl-2.17.so
7f25b7376000-7f25b7534000 r-xp 00000000 08:12 4460232                    /lib/x86_64-linux-gnu/libc-2.17.so
7f25b7534000-7f25b7733000 ---p 001be000 08:12 4460232                    /lib/x86_64-linux-gnu/libc-2.17.so
7f25b7733000-7f25b7737000 r--p 001bd000 08:12 4460232                    /lib/x86_64-linux-gnu/libc-2.17.so
7f25b7737000-7f25b7739000 rw-p 001c1000 08:12 4460232                    /lib/x86_64-linux-gnu/libc-2.17.so
7f25b7739000-7f25b773e000 rw-p 00000000 00:00 0 
7f25b773e000-7f25b774b000 r-xp 00000000 08:12 1192394                    /usr/lib/jvm/java-7-openjdk-amd64/jre/lib/amd64/jli/libjli.so
7f25b774b000-7f25b794a000 ---p 0000d000 08:12 1192394                    /usr/lib/jvm/java-7-openjdk-amd64/jre/lib/amd64/jli/libjli.so
7f25b794a000-7f25b794b000 r--p 0000c000 08:12 1192394                    /usr/lib/jvm/java-7-openjdk-amd64/jre/lib/amd64/jli/libjli.so
7f25b794b000-7f25b794c000 rw-p 0000d000 08:12 1192394                    /usr/lib/jvm/java-7-openjdk-amd64/jre/lib/amd64/jli/libjli.so
7f25b794c000-7f25b796f000 r-xp 00000000 08:12 4460208                    /lib/x86_64-linux-gnu/ld-2.17.so
7f25b798a000-7f25b7994000 rw-p 00000000 00:00 0 
7f25b7994000-7f25b7a4a000 rw-p 00000000 00:00 0 
7f25b7a4a000-7f25b7a4d000 ---p 00000000 00:00 0 
7f25b7a4d000-7f25b7b50000 rw-p 00000000 00:00 0                          [stack:16369]
7f25b7b60000-7f25b7b62000 rw-p 00000000 00:00 0 
7f25b7b62000-7f25b7b6a000 rw-s 00000000 08:12 1457115                    /tmp/hsperfdata_urbs/16360
7f25b7b6a000-7f25b7b6b000 rw-p 00000000 00:00 0 
7f25b7b6b000-7f25b7b6c000 r--p 00000000 00:00 0 
7f25b7b6c000-7f25b7b6e000 rw-p 00000000 00:00 0 
7f25b7b6e000-7f25b7b6f000 r--p 00022000 08:12 4460208                    /lib/x86_64-linux-gnu/ld-2.17.so
7f25b7b6f000-7f25b7b71000 rw-p 00023000 08:12 4460208                    /lib/x86_64-linux-gnu/ld-2.17.so
7ffffa0d4000-7ffffa0f5000 rw-p 00000000 00:00 0                          [stack]
7ffffa13e000-7ffffa140000 r-xp 00000000 00:00 0                          [vdso]
ffffffffff600000-ffffffffff601000 r-xp 00000000 00:00 0                  [vsyscall]

VM Arguments:
jvm_args: -Dfile.encoding=UTF-8 -Xbootclasspath:/apps/eclipse/android/sdk/platforms/android-18/android.jar 
java_command: org.eclipse.jdt.internal.junit.runner.RemoteTestRunner -version 3 -port 56392 -testLoaderClass org.eclipse.jdt.internal.junit4.runner.JUnit4TestLoader -loaderpluginname org.eclipse.jdt.junit4.runtime -classNames com.urbs.bgscore.test.AgricolaTest
Launcher Type: SUN_STANDARD

Environment Variables:
PATH=/usr/lib/lightdm/lightdm:/usr/local/sbin:/usr/local/bin:/usr/sbin:/usr/bin:/sbin:/bin:/usr/games:/usr/local/games
SHELL=/bin/bash
DISPLAY=:0.0

Signal Handlers:
SIGSEGV: [libjvm.so+0x84f410], sa_mask[0]=0x7ffbfeff, sa_flags=0x10000004
SIGBUS: [libjvm.so+0x84f410], sa_mask[0]=0x7ffbfeff, sa_flags=0x10000004
SIGFPE: [libjvm.so+0x6f19a0], sa_mask[0]=0x7ffbfeff, sa_flags=0x10000004
SIGPIPE: [libjvm.so+0x6f19a0], sa_mask[0]=0x7ffbfeff, sa_flags=0x10000004
SIGXFSZ: [libjvm.so+0x6f19a0], sa_mask[0]=0x7ffbfeff, sa_flags=0x10000004
SIGILL: [libjvm.so+0x6f19a0], sa_mask[0]=0x7ffbfeff, sa_flags=0x10000004
SIGUSR1: SIG_DFL, sa_mask[0]=0x00000000, sa_flags=0x00000000
SIGUSR2: [libjvm.so+0x6f1d70], sa_mask[0]=0x00000004, sa_flags=0x10000004
SIGHUP: SIG_DFL, sa_mask[0]=0x00000000, sa_flags=0x00000000
SIGINT: SIG_DFL, sa_mask[0]=0x00000000, sa_flags=0x00000000
SIGTERM: SIG_DFL, sa_mask[0]=0x00000000, sa_flags=0x00000000
SIGQUIT: SIG_DFL, sa_mask[0]=0x00000000, sa_flags=0x00000000


---------------  S Y S T E M  ---------------

OS:Ubuntu 13.04 (raring)
uname:Linux 3.8.0-31-generic #46-Ubuntu SMP Tue Sep 10 20:03:44 UTC 2013 x86_64
libc:glibc 2.17 NPTL 2.17 
rlimit: STACK 8192k, CORE 0k, NPROC 31472, NOFILE 4096, AS infinity
load average:0.43 0.51 0.50

/proc/meminfo:
MemTotal:        4047648 kB
MemFree:          767024 kB
Buffers:           92164 kB
Cached:          1158352 kB
SwapCached:         5412 kB
Active:          1420884 kB
Inactive:        1195956 kB
Active(anon):     816084 kB
Inactive(anon):   553556 kB
Active(file):     604800 kB
Inactive(file):   642400 kB
Unevictable:          32 kB
Mlocked:              32 kB
SwapTotal:       1452028 kB
SwapFree:        1418644 kB
Dirty:                68 kB
Writeback:             0 kB
AnonPages:       1361312 kB
Mapped:           139976 kB
Shmem:              3220 kB
Slab:             144076 kB
SReclaimable:     105588 kB
SUnreclaim:        38488 kB
KernelStack:        4560 kB
PageTables:        31756 kB
NFS_Unstable:          0 kB
Bounce:                0 kB
WritebackTmp:          0 kB
CommitLimit:     3475852 kB
Committed_AS:    4760124 kB
VmallocTotal:   34359738367 kB
VmallocUsed:      308028 kB
VmallocChunk:   34359423484 kB
HardwareCorrupted:     0 kB
AnonHugePages:         0 kB
HugePages_Total:       0
HugePages_Free:        0
HugePages_Rsvd:        0
HugePages_Surp:        0
Hugepagesize:       2048 kB
DirectMap4k:      125824 kB
DirectMap2M:     4067328 kB


CPU:total 8 (4 cores per cpu, 2 threads per core) family 6 model 26 stepping 5, cmov, cx8, fxsr, mmx, sse, sse2, sse3, ssse3, sse4.1, sse4.2, popcnt, ht, tsc, tscinvbit, tscinv

/proc/cpuinfo:
processor	: 0
vendor_id	: GenuineIntel
cpu family	: 6
model		: 26
model name	: Intel(R) Core(TM) i7 CPU         920  @ 2.67GHz
stepping	: 5
microcode	: 0x11
cpu MHz		: 1596.000
cache size	: 8192 KB
physical id	: 0
siblings	: 8
core id		: 0
cpu cores	: 4
apicid		: 0
initial apicid	: 0
fpu		: yes
fpu_exception	: yes
cpuid level	: 11
wp		: yes
flags		: fpu vme de pse tsc msr pae mce cx8 apic sep mtrr pge mca cmov pat pse36 clflush dts acpi mmx fxsr sse sse2 ss ht tm pbe syscall nx rdtscp lm constant_tsc arch_perfmon pebs bts rep_good nopl xtopology nonstop_tsc aperfmperf pni dtes64 monitor ds_cpl vmx est tm2 ssse3 cx16 xtpr pdcm sse4_1 sse4_2 popcnt lahf_lm dtherm tpr_shadow vnmi flexpriority ept vpid
bogomips	: 5320.20
clflush size	: 64
cache_alignment	: 64
address sizes	: 36 bits physical, 48 bits virtual
power management:

processor	: 1
vendor_id	: GenuineIntel
cpu family	: 6
model		: 26
model name	: Intel(R) Core(TM) i7 CPU         920  @ 2.67GHz
stepping	: 5
microcode	: 0x11
cpu MHz		: 1596.000
cache size	: 8192 KB
physical id	: 0
siblings	: 8
core id		: 1
cpu cores	: 4
apicid		: 2
initial apicid	: 2
fpu		: yes
fpu_exception	: yes
cpuid level	: 11
wp		: yes
flags		: fpu vme de pse tsc msr pae mce cx8 apic sep mtrr pge mca cmov pat pse36 clflush dts acpi mmx fxsr sse sse2 ss ht tm pbe syscall nx rdtscp lm constant_tsc arch_perfmon pebs bts rep_good nopl xtopology nonstop_tsc aperfmperf pni dtes64 monitor ds_cpl vmx est tm2 ssse3 cx16 xtpr pdcm sse4_1 sse4_2 popcnt lahf_lm dtherm tpr_shadow vnmi flexpriority ept vpid
bogomips	: 5320.20
clflush size	: 64
cache_alignment	: 64
address sizes	: 36 bits physical, 48 bits virtual
power management:

processor	: 2
vendor_id	: GenuineIntel
cpu family	: 6
model		: 26
model name	: Intel(R) Core(TM) i7 CPU         920  @ 2.67GHz
stepping	: 5
microcode	: 0x11
cpu MHz		: 2660.000
cache size	: 8192 KB
physical id	: 0
siblings	: 8
core id		: 2
cpu cores	: 4
apicid		: 4
initial apicid	: 4
fpu		: yes
fpu_exception	: yes
cpuid level	: 11
wp		: yes
flags		: fpu vme de pse tsc msr pae mce cx8 apic sep mtrr pge mca cmov pat pse36 clflush dts acpi mmx fxsr sse sse2 ss ht tm pbe syscall nx rdtscp lm constant_tsc arch_perfmon pebs bts rep_good nopl xtopology nonstop_tsc aperfmperf pni dtes64 monitor ds_cpl vmx est tm2 ssse3 cx16 xtpr pdcm sse4_1 sse4_2 popcnt lahf_lm dtherm tpr_shadow vnmi flexpriority ept vpid
bogomips	: 5320.20
clflush size	: 64
cache_alignment	: 64
address sizes	: 36 bits physical, 48 bits virtual
power management:

processor	: 3
vendor_id	: GenuineIntel
cpu family	: 6
model		: 26
model name	: Intel(R) Core(TM) i7 CPU         920  @ 2.67GHz
stepping	: 5
microcode	: 0x11
cpu MHz		: 1596.000
cache size	: 8192 KB
physical id	: 0
siblings	: 8
core id		: 3
cpu cores	: 4
apicid		: 6
initial apicid	: 6
fpu		: yes
fpu_exception	: yes
cpuid level	: 11
wp		: yes
flags		: fpu vme de pse tsc msr pae mce cx8 apic sep mtrr pge mca cmov pat pse36 clflush dts acpi mmx fxsr sse sse2 ss ht tm pbe syscall nx rdtscp lm constant_tsc arch_perfmon pebs bts rep_good nopl xtopology nonstop_tsc aperfmperf pni dtes64 monitor ds_cpl vmx est tm2 ssse3 cx16 xtpr pdcm sse4_1 sse4_2 popcnt lahf_lm dtherm tpr_shadow vnmi flexpriority ept vpid
bogomips	: 5320.20
clflush size	: 64
cache_alignment	: 64
address sizes	: 36 bits physical, 48 bits virtual
power management:

processor	: 4
vendor_id	: GenuineIntel
cpu family	: 6
model		: 26
model name	: Intel(R) Core(TM) i7 CPU         920  @ 2.67GHz
stepping	: 5
microcode	: 0x11
cpu MHz		: 2660.000
cache size	: 8192 KB
physical id	: 0
siblings	: 8
core id		: 0
cpu cores	: 4
apicid		: 1
initial apicid	: 1
fpu		: yes
fpu_exception	: yes
cpuid level	: 11
wp		: yes
flags		: fpu vme de pse tsc msr pae mce cx8 apic sep mtrr pge mca cmov pat pse36 clflush dts acpi mmx fxsr sse sse2 ss ht tm pbe syscall nx rdtscp lm constant_tsc arch_perfmon pebs bts rep_good nopl xtopology nonstop_tsc aperfmperf pni dtes64 monitor ds_cpl vmx est tm2 ssse3 cx16 xtpr pdcm sse4_1 sse4_2 popcnt lahf_lm dtherm tpr_shadow vnmi flexpriority ept vpid
bogomips	: 5320.20
clflush size	: 64
cache_alignment	: 64
address sizes	: 36 bits physical, 48 bits virtual
power management:

processor	: 5
vendor_id	: GenuineIntel
cpu family	: 6
model		: 26
model name	: Intel(R) Core(TM) i7 CPU         920  @ 2.67GHz
stepping	: 5
microcode	: 0x11
cpu MHz		: 2660.000
cache size	: 8192 KB
physical id	: 0
siblings	: 8
core id		: 1
cpu cores	: 4
apicid		: 3
initial apicid	: 3
fpu		: yes
fpu_exception	: yes
cpuid level	: 11
wp		: yes
flags		: fpu vme de pse tsc msr pae mce cx8 apic sep mtrr pge mca cmov pat pse36 clflush dts acpi mmx fxsr sse sse2 ss ht tm pbe syscall nx rdtscp lm constant_tsc arch_perfmon pebs bts rep_good nopl xtopology nonstop_tsc aperfmperf pni dtes64 monitor ds_cpl vmx est tm2 ssse3 cx16 xtpr pdcm sse4_1 sse4_2 popcnt lahf_lm dtherm tpr_shadow vnmi flexpriority ept vpid
bogomips	: 5320.20
clflush size	: 64
cache_alignment	: 64
address sizes	: 36 bits physical, 48 bits virtual
power management:

processor	: 6
vendor_id	: GenuineIntel
cpu family	: 6
model		: 26
model name	: Intel(R) Core(TM) i7 CPU         920  @ 2.67GHz
stepping	: 5
microcode	: 0x11
cpu MHz		: 1596.000
cache size	: 8192 KB
physical id	: 0
siblings	: 8
core id		: 2
cpu cores	: 4
apicid		: 5
initial apicid	: 5
fpu		: yes
fpu_exception	: yes
cpuid level	: 11
wp		: yes
flags		: fpu vme de pse tsc msr pae mce cx8 apic sep mtrr pge mca cmov pat pse36 clflush dts acpi mmx fxsr sse sse2 ss ht tm pbe syscall nx rdtscp lm constant_tsc arch_perfmon pebs bts rep_good nopl xtopology nonstop_tsc aperfmperf pni dtes64 monitor ds_cpl vmx est tm2 ssse3 cx16 xtpr pdcm sse4_1 sse4_2 popcnt lahf_lm dtherm tpr_shadow vnmi flexpriority ept vpid
bogomips	: 5320.20
clflush size	: 64
cache_alignment	: 64
address sizes	: 36 bits physical, 48 bits virtual
power management:

processor	: 7
vendor_id	: GenuineIntel
cpu family	: 6
model		: 26
model name	: Intel(R) Core(TM) i7 CPU         920  @ 2.67GHz
stepping	: 5
microcode	: 0x11
cpu MHz		: 1596.000
cache size	: 8192 KB
physical id	: 0
siblings	: 8
core id		: 3
cpu cores	: 4
apicid		: 7
initial apicid	: 7
fpu		: yes
fpu_exception	: yes
cpuid level	: 11
wp		: yes
flags		: fpu vme de pse tsc msr pae mce cx8 apic sep mtrr pge mca cmov pat pse36 clflush dts acpi mmx fxsr sse sse2 ss ht tm pbe syscall nx rdtscp lm constant_tsc arch_perfmon pebs bts rep_good nopl xtopology nonstop_tsc aperfmperf pni dtes64 monitor ds_cpl vmx est tm2 ssse3 cx16 xtpr pdcm sse4_1 sse4_2 popcnt lahf_lm dtherm tpr_shadow vnmi flexpriority ept vpid
bogomips	: 5320.20
clflush size	: 64
cache_alignment	: 64
address sizes	: 36 bits physical, 48 bits virtual
power management:



Memory: 4k page, physical 4047648k(767024k free), swap 1452028k(1418644k free)

vm_info: OpenJDK 64-Bit Server VM (23.7-b01) for linux-amd64 JRE (1.7.0_25-b30), built on Jul  3 2013 13:50:39 by "buildd" with gcc 4.7.3

time: Thu Oct 10 01:52:47 2013
elapsed time: 0 seconds

