#
# A fatal error has been detected by the Java Runtime Environment:
#
#  Internal Error (javaClasses.cpp:129), pid=18072, tid=139660621805312
#  fatal error: Invalid layout of preloaded class
#
# JRE version: 7.0_25-b30
# Java VM: OpenJDK 64-Bit Server VM (23.7-b01 mixed mode linux-amd64 compressed oops)
# Failed to write core dump. Core dumps have been disabled. To enable core dumping, try "ulimit -c unlimited" before starting Java again
#
# If you would like to submit a bug report, please include
# instructions on how to reproduce the bug and visit:
#   https://bugs.launchpad.net/ubuntu/+source/openjdk-7/
#

---------------  T H R E A D  ---------------

Current thread (0x00007f053c009000):  JavaThread "Unknown thread" [_thread_in_vm, id=18073, stack(0x00007f0545b07000,0x00007f0545c08000)]

Stack: [0x00007f0545b07000,0x00007f0545c08000],  sp=0x00007f0545c069a0,  free space=1022k
Native frames: (J=compiled Java code, j=interpreted, Vv=VM code, C=native code)
V  [libjvm.so+0x84e92b]  VMError::report_and_die()+0x16b
V  [libjvm.so+0x3ebd57]  report_fatal(char const*, int, char const*)+0x57
V  [libjvm.so+0x528efa]  compute_offset(int&, klassOopDesc*, Symbol*, Symbol*, bool) [clone .constprop.123]+0x11a
V  [libjvm.so+0x529166]  java_lang_String::compute_offsets()+0x36
V  [libjvm.so+0x7dcf8d]  SystemDictionary::initialize_preloaded_classes(Thread*)+0x3d
V  [libjvm.so+0x829288]  Universe::genesis(Thread*)+0x468
V  [libjvm.so+0x82973f]  universe2_init()+0x1f
V  [libjvm.so+0x4dde1a]  init_globals()+0x9a
V  [libjvm.so+0x80d26c]  Threads::create_vm(JavaVMInitArgs*, bool*)+0x39c
V  [libjvm.so+0x545278]  JNI_CreateJavaVM+0x58
C  [libjli.so+0x2b34]  __strcat_chk+0x2b34


---------------  P R O C E S S  ---------------

Java Threads: ( => current thread )

Other Threads:

=>0x00007f053c009000 (exited) JavaThread "Unknown thread" [_thread_in_vm, id=18073, stack(0x00007f0545b07000,0x00007f0545c08000)]

VM state:not at safepoint (not fully initialized)

VM Mutex/Monitor currently owned by a thread: None

GC Heap History (0 events):
No events

Deoptimization events (0 events):
No events

Internal exceptions (0 events):
No events

Events (10 events):
Event: 0.006 loading class 0x00007f053c032790 done
Event: 0.006 loading class 0x00007f053c032030 done
Event: 0.006 loading class 0x00007f053c032000
Event: 0.007 loading class 0x00007f053c05d370
Event: 0.007 loading class 0x00007f053c05d370 done
Event: 0.007 loading class 0x00007f053c05d3b0
Event: 0.007 loading class 0x00007f053c05d3b0 done
Event: 0.007 loading class 0x00007f053c05d3f0
Event: 0.007 loading class 0x00007f053c05d3f0 done
Event: 0.007 loading class 0x00007f053c032000 done


Dynamic libraries:
00400000-00401000 r-xp 00000000 08:12 1065403                            /usr/lib/jvm/java-7-openjdk-amd64/jre/bin/java
00600000-00601000 r--p 00000000 08:12 1065403                            /usr/lib/jvm/java-7-openjdk-amd64/jre/bin/java
00601000-00602000 rw-p 00001000 08:12 1065403                            /usr/lib/jvm/java-7-openjdk-amd64/jre/bin/java
01b4d000-01b6e000 rw-p 00000000 00:00 0                                  [heap]
b7c00000-b90c0000 rw-p 00000000 00:00 0 
b90c0000-c2200000 rw-p 00000000 00:00 0 
c2200000-c4b40000 rw-p 00000000 00:00 0 
c4b40000-eb600000 rw-p 00000000 00:00 0 
eb600000-eca90000 rw-p 00000000 00:00 0 
eca90000-100000000 rw-p 00000000 00:00 0 
7f0508000000-7f0508021000 rw-p 00000000 00:00 0 
7f0508021000-7f050c000000 ---p 00000000 00:00 0 
7f050c000000-7f050c021000 rw-p 00000000 00:00 0 
7f050c021000-7f0510000000 ---p 00000000 00:00 0 
7f0514000000-7f0514021000 rw-p 00000000 00:00 0 
7f0514021000-7f0518000000 ---p 00000000 00:00 0 
7f051c000000-7f051c021000 rw-p 00000000 00:00 0 
7f051c021000-7f0520000000 ---p 00000000 00:00 0 
7f0524000000-7f0524021000 rw-p 00000000 00:00 0 
7f0524021000-7f0528000000 ---p 00000000 00:00 0 
7f0529be0000-7f052c000000 rw-p 00000000 00:00 0 
7f052c000000-7f052c021000 rw-p 00000000 00:00 0 
7f052c021000-7f0530000000 ---p 00000000 00:00 0 
7f0530000000-7f0530021000 rw-p 00000000 00:00 0 
7f0530021000-7f0534000000 ---p 00000000 00:00 0 
7f0534000000-7f0534021000 rw-p 00000000 00:00 0 
7f0534021000-7f0538000000 ---p 00000000 00:00 0 
7f0539000000-7f0539270000 rwxp 00000000 00:00 0 
7f0539270000-7f053c068000 rw-p 00000000 00:00 0 
7f053c068000-7f0540000000 ---p 00000000 00:00 0 
7f0541071000-7f05412b4000 rw-p 00000000 00:00 0 
7f05412b4000-7f054137e000 r--s 011ad000 08:12 4202112                    /apps/eclipse/android/sdk/platforms/android-18/android.jar
7f054137e000-7f0541cae000 rw-p 00000000 00:00 0 
7f0541cae000-7f0541caf000 ---p 00000000 00:00 0 
7f0541caf000-7f0541daf000 rw-p 00000000 00:00 0                          [stack:18083]
7f0541daf000-7f0541db0000 ---p 00000000 00:00 0 
7f0541db0000-7f0541eb0000 rw-p 00000000 00:00 0                          [stack:18082]
7f0541eb0000-7f0541eb1000 ---p 00000000 00:00 0 
7f0541eb1000-7f0541fb1000 rw-p 00000000 00:00 0                          [stack:18081]
7f0541fb1000-7f0541fb2000 ---p 00000000 00:00 0 
7f0541fb2000-7f05420b2000 rw-p 00000000 00:00 0                          [stack:18080]
7f05420b2000-7f05420b3000 ---p 00000000 00:00 0 
7f05420b3000-7f05421b3000 rw-p 00000000 00:00 0                          [stack:18079]
7f05421b3000-7f05421b4000 ---p 00000000 00:00 0 
7f05421b4000-7f05422b4000 rw-p 00000000 00:00 0                          [stack:18078]
7f05422b4000-7f05422b5000 ---p 00000000 00:00 0 
7f05422b5000-7f05423b5000 rw-p 00000000 00:00 0                          [stack:18075]
7f05423b5000-7f05423b6000 ---p 00000000 00:00 0 
7f05423b6000-7f05424c1000 rw-p 00000000 00:00 0                          [stack:18074]
7f05424c1000-7f0542509000 rw-p 00000000 00:00 0 
7f0542509000-7f054251e000 rw-p 00000000 00:00 0 
7f054251e000-7f0542653000 rw-p 00000000 00:00 0 
7f0542653000-7f054265e000 rw-p 00000000 00:00 0 
7f054265e000-7f05426a6000 rw-p 00000000 00:00 0 
7f05426a6000-7f05426bb000 rw-p 00000000 00:00 0 
7f05426bb000-7f05427f0000 rw-p 00000000 00:00 0 
7f05427f0000-7f05427fb000 rw-p 00000000 00:00 0 
7f05427fb000-7f0542895000 rw-p 00000000 00:00 0 
7f0542895000-7f0542896000 rw-p 00000000 00:00 0 
7f0542896000-7f054289e000 r-xp 00000000 08:12 1192428                    /usr/lib/jvm/java-7-openjdk-amd64/jre/lib/amd64/libzip.so
7f054289e000-7f0542a9d000 ---p 00008000 08:12 1192428                    /usr/lib/jvm/java-7-openjdk-amd64/jre/lib/amd64/libzip.so
7f0542a9d000-7f0542a9e000 r--p 00007000 08:12 1192428                    /usr/lib/jvm/java-7-openjdk-amd64/jre/lib/amd64/libzip.so
7f0542a9e000-7f0542a9f000 rw-p 00008000 08:12 1192428                    /usr/lib/jvm/java-7-openjdk-amd64/jre/lib/amd64/libzip.so
7f0542a9f000-7f0542aab000 r-xp 00000000 08:12 4460305                    /lib/x86_64-linux-gnu/libnss_files-2.17.so
7f0542aab000-7f0542caa000 ---p 0000c000 08:12 4460305                    /lib/x86_64-linux-gnu/libnss_files-2.17.so
7f0542caa000-7f0542cab000 r--p 0000b000 08:12 4460305                    /lib/x86_64-linux-gnu/libnss_files-2.17.so
7f0542cab000-7f0542cac000 rw-p 0000c000 08:12 4460305                    /lib/x86_64-linux-gnu/libnss_files-2.17.so
7f0542cac000-7f0542cb7000 r-xp 00000000 08:12 4460309                    /lib/x86_64-linux-gnu/libnss_nis-2.17.so
7f0542cb7000-7f0542eb6000 ---p 0000b000 08:12 4460309                    /lib/x86_64-linux-gnu/libnss_nis-2.17.so
7f0542eb6000-7f0542eb7000 r--p 0000a000 08:12 4460309                    /lib/x86_64-linux-gnu/libnss_nis-2.17.so
7f0542eb7000-7f0542eb8000 rw-p 0000b000 08:12 4460309                    /lib/x86_64-linux-gnu/libnss_nis-2.17.so
7f0542eb8000-7f0542ecf000 r-xp 00000000 08:12 4460299                    /lib/x86_64-linux-gnu/libnsl-2.17.so
7f0542ecf000-7f05430ce000 ---p 00017000 08:12 4460299                    /lib/x86_64-linux-gnu/libnsl-2.17.so
7f05430ce000-7f05430cf000 r--p 00016000 08:12 4460299                    /lib/x86_64-linux-gnu/libnsl-2.17.so
7f05430cf000-7f05430d0000 rw-p 00017000 08:12 4460299                    /lib/x86_64-linux-gnu/libnsl-2.17.so
7f05430d0000-7f05430d2000 rw-p 00000000 00:00 0 
7f05430d2000-7f05430da000 r-xp 00000000 08:12 4460301                    /lib/x86_64-linux-gnu/libnss_compat-2.17.so
7f05430da000-7f05432d9000 ---p 00008000 08:12 4460301                    /lib/x86_64-linux-gnu/libnss_compat-2.17.so
7f05432d9000-7f05432da000 r--p 00007000 08:12 4460301                    /lib/x86_64-linux-gnu/libnss_compat-2.17.so
7f05432da000-7f05432db000 rw-p 00008000 08:12 4460301                    /lib/x86_64-linux-gnu/libnss_compat-2.17.so
7f05432db000-7f0543306000 r-xp 00000000 08:12 1192412                    /usr/lib/jvm/java-7-openjdk-amd64/jre/lib/amd64/libjava.so
7f0543306000-7f0543505000 ---p 0002b000 08:12 1192412                    /usr/lib/jvm/java-7-openjdk-amd64/jre/lib/amd64/libjava.so
7f0543505000-7f0543506000 r--p 0002a000 08:12 1192412                    /usr/lib/jvm/java-7-openjdk-amd64/jre/lib/amd64/libjava.so
7f0543506000-7f0543508000 rw-p 0002b000 08:12 1192412                    /usr/lib/jvm/java-7-openjdk-amd64/jre/lib/amd64/libjava.so
7f0543508000-7f0543517000 r-xp 00000000 08:12 1192411                    /usr/lib/jvm/java-7-openjdk-amd64/jre/lib/amd64/libverify.so
7f0543517000-7f0543716000 ---p 0000f000 08:12 1192411                    /usr/lib/jvm/java-7-openjdk-amd64/jre/lib/amd64/libverify.so
7f0543716000-7f0543718000 r--p 0000e000 08:12 1192411                    /usr/lib/jvm/java-7-openjdk-amd64/jre/lib/amd64/libverify.so
7f0543718000-7f0543719000 rw-p 00010000 08:12 1192411                    /usr/lib/jvm/java-7-openjdk-amd64/jre/lib/amd64/libverify.so
7f0543719000-7f0543720000 r-xp 00000000 08:12 4460352                    /lib/x86_64-linux-gnu/librt-2.17.so
7f0543720000-7f054391f000 ---p 00007000 08:12 4460352                    /lib/x86_64-linux-gnu/librt-2.17.so
7f054391f000-7f0543920000 r--p 00006000 08:12 4460352                    /lib/x86_64-linux-gnu/librt-2.17.so
7f0543920000-7f0543921000 rw-p 00007000 08:12 4460352                    /lib/x86_64-linux-gnu/librt-2.17.so
7f0543921000-7f0543935000 r-xp 00000000 08:12 4460257                    /lib/x86_64-linux-gnu/libgcc_s.so.1
7f0543935000-7f0543b35000 ---p 00014000 08:12 4460257                    /lib/x86_64-linux-gnu/libgcc_s.so.1
7f0543b35000-7f0543b36000 r--p 00014000 08:12 4460257                    /lib/x86_64-linux-gnu/libgcc_s.so.1
7f0543b36000-7f0543b37000 rw-p 00015000 08:12 4460257                    /lib/x86_64-linux-gnu/libgcc_s.so.1
7f0543b37000-7f0543c3a000 r-xp 00000000 08:12 4460280                    /lib/x86_64-linux-gnu/libm-2.17.so
7f0543c3a000-7f0543e3a000 ---p 00103000 08:12 4460280                    /lib/x86_64-linux-gnu/libm-2.17.so
7f0543e3a000-7f0543e3b000 r--p 00103000 08:12 4460280                    /lib/x86_64-linux-gnu/libm-2.17.so
7f0543e3b000-7f0543e3c000 rw-p 00104000 08:12 4460280                    /lib/x86_64-linux-gnu/libm-2.17.so
7f0543e3c000-7f0543f21000 r-xp 00000000 08:12 1056775                    /usr/lib/x86_64-linux-gnu/libstdc++.so.6.0.17
7f0543f21000-7f0544120000 ---p 000e5000 08:12 1056775                    /usr/lib/x86_64-linux-gnu/libstdc++.so.6.0.17
7f0544120000-7f0544128000 r--p 000e4000 08:12 1056775                    /usr/lib/x86_64-linux-gnu/libstdc++.so.6.0.17
7f0544128000-7f054412a000 rw-p 000ec000 08:12 1056775                    /usr/lib/x86_64-linux-gnu/libstdc++.so.6.0.17
7f054412a000-7f054413f000 rw-p 00000000 00:00 0 
7f054413f000-7f0544b2f000 r-xp 00000000 08:12 1192417                    /usr/lib/jvm/java-7-openjdk-amd64/jre/lib/amd64/server/libjvm.so
7f0544b2f000-7f0544d2e000 ---p 009f0000 08:12 1192417                    /usr/lib/jvm/java-7-openjdk-amd64/jre/lib/amd64/server/libjvm.so
7f0544d2e000-7f0544dad000 r--p 009ef000 08:12 1192417                    /usr/lib/jvm/java-7-openjdk-amd64/jre/lib/amd64/server/libjvm.so
7f0544dad000-7f0544dd0000 rw-p 00a6e000 08:12 1192417                    /usr/lib/jvm/java-7-openjdk-amd64/jre/lib/amd64/server/libjvm.so
7f0544dd0000-7f0544dfb000 rw-p 00000000 00:00 0 
7f0544dfb000-7f0544e11000 r-xp 00000000 08:12 4460385                    /lib/x86_64-linux-gnu/libz.so.1.2.7
7f0544e11000-7f0545010000 ---p 00016000 08:12 4460385                    /lib/x86_64-linux-gnu/libz.so.1.2.7
7f0545010000-7f0545011000 r--p 00015000 08:12 4460385                    /lib/x86_64-linux-gnu/libz.so.1.2.7
7f0545011000-7f0545012000 rw-p 00016000 08:12 4460385                    /lib/x86_64-linux-gnu/libz.so.1.2.7
7f0545012000-7f054502a000 r-xp 00000000 08:12 4460344                    /lib/x86_64-linux-gnu/libpthread-2.17.so
7f054502a000-7f0545229000 ---p 00018000 08:12 4460344                    /lib/x86_64-linux-gnu/libpthread-2.17.so
7f0545229000-7f054522a000 r--p 00017000 08:12 4460344                    /lib/x86_64-linux-gnu/libpthread-2.17.so
7f054522a000-7f054522b000 rw-p 00018000 08:12 4460344                    /lib/x86_64-linux-gnu/libpthread-2.17.so
7f054522b000-7f054522f000 rw-p 00000000 00:00 0 
7f054522f000-7f0545232000 r-xp 00000000 08:12 4460247                    /lib/x86_64-linux-gnu/libdl-2.17.so
7f0545232000-7f0545431000 ---p 00003000 08:12 4460247                    /lib/x86_64-linux-gnu/libdl-2.17.so
7f0545431000-7f0545432000 r--p 00002000 08:12 4460247                    /lib/x86_64-linux-gnu/libdl-2.17.so
7f0545432000-7f0545433000 rw-p 00003000 08:12 4460247                    /lib/x86_64-linux-gnu/libdl-2.17.so
7f0545433000-7f05455f1000 r-xp 00000000 08:12 4460232                    /lib/x86_64-linux-gnu/libc-2.17.so
7f05455f1000-7f05457f0000 ---p 001be000 08:12 4460232                    /lib/x86_64-linux-gnu/libc-2.17.so
7f05457f0000-7f05457f4000 r--p 001bd000 08:12 4460232                    /lib/x86_64-linux-gnu/libc-2.17.so
7f05457f4000-7f05457f6000 rw-p 001c1000 08:12 4460232                    /lib/x86_64-linux-gnu/libc-2.17.so
7f05457f6000-7f05457fb000 rw-p 00000000 00:00 0 
7f05457fb000-7f0545808000 r-xp 00000000 08:12 1192394                    /usr/lib/jvm/java-7-openjdk-amd64/jre/lib/amd64/jli/libjli.so
7f0545808000-7f0545a07000 ---p 0000d000 08:12 1192394                    /usr/lib/jvm/java-7-openjdk-amd64/jre/lib/amd64/jli/libjli.so
7f0545a07000-7f0545a08000 r--p 0000c000 08:12 1192394                    /usr/lib/jvm/java-7-openjdk-amd64/jre/lib/amd64/jli/libjli.so
7f0545a08000-7f0545a09000 rw-p 0000d000 08:12 1192394                    /usr/lib/jvm/java-7-openjdk-amd64/jre/lib/amd64/jli/libjli.so
7f0545a09000-7f0545a2c000 r-xp 00000000 08:12 4460208                    /lib/x86_64-linux-gnu/ld-2.17.so
7f0545a47000-7f0545a51000 rw-p 00000000 00:00 0 
7f0545a51000-7f0545b07000 rw-p 00000000 00:00 0 
7f0545b07000-7f0545b0a000 ---p 00000000 00:00 0 
7f0545b0a000-7f0545c0d000 rw-p 00000000 00:00 0                          [stack:18073]
7f0545c1d000-7f0545c1f000 rw-p 00000000 00:00 0 
7f0545c1f000-7f0545c27000 rw-s 00000000 08:12 1458505                    /tmp/hsperfdata_urbs/18072
7f0545c27000-7f0545c28000 rw-p 00000000 00:00 0 
7f0545c28000-7f0545c29000 r--p 00000000 00:00 0 
7f0545c29000-7f0545c2b000 rw-p 00000000 00:00 0 
7f0545c2b000-7f0545c2c000 r--p 00022000 08:12 4460208                    /lib/x86_64-linux-gnu/ld-2.17.so
7f0545c2c000-7f0545c2e000 rw-p 00023000 08:12 4460208                    /lib/x86_64-linux-gnu/ld-2.17.so
7fffd9f75000-7fffd9f96000 rw-p 00000000 00:00 0                          [stack]
7fffd9fcb000-7fffd9fcd000 r-xp 00000000 00:00 0                          [vdso]
ffffffffff600000-ffffffffff601000 r-xp 00000000 00:00 0                  [vsyscall]

VM Arguments:
jvm_args: -Dfile.encoding=UTF-8 -Xbootclasspath:/apps/eclipse/android/sdk/platforms/android-18/android.jar 
java_command: org.eclipse.jdt.internal.junit.runner.RemoteTestRunner -version 3 -port 52025 -testLoaderClass org.eclipse.jdt.internal.junit4.runner.JUnit4TestLoader -loaderpluginname org.eclipse.jdt.junit4.runtime -classNames com.urbs.bgscore.test.AgricolaTest
Launcher Type: SUN_STANDARD

Environment Variables:
PATH=/usr/lib/lightdm/lightdm:/usr/local/sbin:/usr/local/bin:/usr/sbin:/usr/bin:/sbin:/bin:/usr/games:/usr/local/games
SHELL=/bin/bash
DISPLAY=:0.0

Signal Handlers:
SIGSEGV: [libjvm.so+0x84f410], sa_mask[0]=0x7ffbfeff, sa_flags=0x10000004
SIGBUS: [libjvm.so+0x84f410], sa_mask[0]=0x7ffbfeff, sa_flags=0x10000004
SIGFPE: [libjvm.so+0x6f19a0], sa_mask[0]=0x7ffbfeff, sa_flags=0x10000004
SIGPIPE: [libjvm.so+0x6f19a0], sa_mask[0]=0x7ffbfeff, sa_flags=0x10000004
SIGXFSZ: [libjvm.so+0x6f19a0], sa_mask[0]=0x7ffbfeff, sa_flags=0x10000004
SIGILL: [libjvm.so+0x6f19a0], sa_mask[0]=0x7ffbfeff, sa_flags=0x10000004
SIGUSR1: SIG_DFL, sa_mask[0]=0x00000000, sa_flags=0x00000000
SIGUSR2: [libjvm.so+0x6f1d70], sa_mask[0]=0x00000004, sa_flags=0x10000004
SIGHUP: SIG_DFL, sa_mask[0]=0x00000000, sa_flags=0x00000000
SIGINT: SIG_DFL, sa_mask[0]=0x00000000, sa_flags=0x00000000
SIGTERM: SIG_DFL, sa_mask[0]=0x00000000, sa_flags=0x00000000
SIGQUIT: SIG_DFL, sa_mask[0]=0x00000000, sa_flags=0x00000000


---------------  S Y S T E M  ---------------

OS:Ubuntu 13.04 (raring)
uname:Linux 3.8.0-31-generic #46-Ubuntu SMP Tue Sep 10 20:03:44 UTC 2013 x86_64
libc:glibc 2.17 NPTL 2.17 
rlimit: STACK 8192k, CORE 0k, NPROC 31472, NOFILE 4096, AS infinity
load average:1.56 0.96 0.67

/proc/meminfo:
MemTotal:        4047648 kB
MemFree:         1682376 kB
Buffers:          105388 kB
Cached:          1329496 kB
SwapCached:         5124 kB
Active:          1346160 kB
Inactive:         784280 kB
Active(anon):     683176 kB
Inactive(anon):    30012 kB
Active(file):     662984 kB
Inactive(file):   754268 kB
Unevictable:          32 kB
Mlocked:              32 kB
SwapTotal:       1452028 kB
SwapFree:        1439836 kB
Dirty:               676 kB
Writeback:             0 kB
AnonPages:        691848 kB
Mapped:           135560 kB
Shmem:             17556 kB
Slab:             140532 kB
SReclaimable:     109256 kB
SUnreclaim:        31276 kB
KernelStack:        3568 kB
PageTables:        22764 kB
NFS_Unstable:          0 kB
Bounce:                0 kB
WritebackTmp:          0 kB
CommitLimit:     3475852 kB
Committed_AS:    2985968 kB
VmallocTotal:   34359738367 kB
VmallocUsed:      306516 kB
VmallocChunk:   34359406588 kB
HardwareCorrupted:     0 kB
AnonHugePages:         0 kB
HugePages_Total:       0
HugePages_Free:        0
HugePages_Rsvd:        0
HugePages_Surp:        0
Hugepagesize:       2048 kB
DirectMap4k:      146304 kB
DirectMap2M:     4046848 kB


CPU:total 8 (4 cores per cpu, 2 threads per core) family 6 model 26 stepping 5, cmov, cx8, fxsr, mmx, sse, sse2, sse3, ssse3, sse4.1, sse4.2, popcnt, ht, tsc, tscinvbit, tscinv

/proc/cpuinfo:
processor	: 0
vendor_id	: GenuineIntel
cpu family	: 6
model		: 26
model name	: Intel(R) Core(TM) i7 CPU         920  @ 2.67GHz
stepping	: 5
microcode	: 0x11
cpu MHz		: 1596.000
cache size	: 8192 KB
physical id	: 0
siblings	: 8
core id		: 0
cpu cores	: 4
apicid		: 0
initial apicid	: 0
fpu		: yes
fpu_exception	: yes
cpuid level	: 11
wp		: yes
flags		: fpu vme de pse tsc msr pae mce cx8 apic sep mtrr pge mca cmov pat pse36 clflush dts acpi mmx fxsr sse sse2 ss ht tm pbe syscall nx rdtscp lm constant_tsc arch_perfmon pebs bts rep_good nopl xtopology nonstop_tsc aperfmperf pni dtes64 monitor ds_cpl vmx est tm2 ssse3 cx16 xtpr pdcm sse4_1 sse4_2 popcnt lahf_lm dtherm tpr_shadow vnmi flexpriority ept vpid
bogomips	: 5320.20
clflush size	: 64
cache_alignment	: 64
address sizes	: 36 bits physical, 48 bits virtual
power management:

processor	: 1
vendor_id	: GenuineIntel
cpu family	: 6
model		: 26
model name	: Intel(R) Core(TM) i7 CPU         920  @ 2.67GHz
stepping	: 5
microcode	: 0x11
cpu MHz		: 2660.000
cache size	: 8192 KB
physical id	: 0
siblings	: 8
core id		: 1
cpu cores	: 4
apicid		: 2
initial apicid	: 2
fpu		: yes
fpu_exception	: yes
cpuid level	: 11
wp		: yes
flags		: fpu vme de pse tsc msr pae mce cx8 apic sep mtrr pge mca cmov pat pse36 clflush dts acpi mmx fxsr sse sse2 ss ht tm pbe syscall nx rdtscp lm constant_tsc arch_perfmon pebs bts rep_good nopl xtopology nonstop_tsc aperfmperf pni dtes64 monitor ds_cpl vmx est tm2 ssse3 cx16 xtpr pdcm sse4_1 sse4_2 popcnt lahf_lm dtherm tpr_shadow vnmi flexpriority ept vpid
bogomips	: 5320.20
clflush size	: 64
cache_alignment	: 64
address sizes	: 36 bits physical, 48 bits virtual
power management:

processor	: 2
vendor_id	: GenuineIntel
cpu family	: 6
model		: 26
model name	: Intel(R) Core(TM) i7 CPU         920  @ 2.67GHz
stepping	: 5
microcode	: 0x11
cpu MHz		: 2660.000
cache size	: 8192 KB
physical id	: 0
siblings	: 8
core id		: 2
cpu cores	: 4
apicid		: 4
initial apicid	: 4
fpu		: yes
fpu_exception	: yes
cpuid level	: 11
wp		: yes
flags		: fpu vme de pse tsc msr pae mce cx8 apic sep mtrr pge mca cmov pat pse36 clflush dts acpi mmx fxsr sse sse2 ss ht tm pbe syscall nx rdtscp lm constant_tsc arch_perfmon pebs bts rep_good nopl xtopology nonstop_tsc aperfmperf pni dtes64 monitor ds_cpl vmx est tm2 ssse3 cx16 xtpr pdcm sse4_1 sse4_2 popcnt lahf_lm dtherm tpr_shadow vnmi flexpriority ept vpid
bogomips	: 5320.20
clflush size	: 64
cache_alignment	: 64
address sizes	: 36 bits physical, 48 bits virtual
power management:

processor	: 3
vendor_id	: GenuineIntel
cpu family	: 6
model		: 26
model name	: Intel(R) Core(TM) i7 CPU         920  @ 2.67GHz
stepping	: 5
microcode	: 0x11
cpu MHz		: 1596.000
cache size	: 8192 KB
physical id	: 0
siblings	: 8
core id		: 3
cpu cores	: 4
apicid		: 6
initial apicid	: 6
fpu		: yes
fpu_exception	: yes
cpuid level	: 11
wp		: yes
flags		: fpu vme de pse tsc msr pae mce cx8 apic sep mtrr pge mca cmov pat pse36 clflush dts acpi mmx fxsr sse sse2 ss ht tm pbe syscall nx rdtscp lm constant_tsc arch_perfmon pebs bts rep_good nopl xtopology nonstop_tsc aperfmperf pni dtes64 monitor ds_cpl vmx est tm2 ssse3 cx16 xtpr pdcm sse4_1 sse4_2 popcnt lahf_lm dtherm tpr_shadow vnmi flexpriority ept vpid
bogomips	: 5320.20
clflush size	: 64
cache_alignment	: 64
address sizes	: 36 bits physical, 48 bits virtual
power management:

processor	: 4
vendor_id	: GenuineIntel
cpu family	: 6
model		: 26
model name	: Intel(R) Core(TM) i7 CPU         920  @ 2.67GHz
stepping	: 5
microcode	: 0x11
cpu MHz		: 1596.000
cache size	: 8192 KB
physical id	: 0
siblings	: 8
core id		: 0
cpu cores	: 4
apicid		: 1
initial apicid	: 1
fpu		: yes
fpu_exception	: yes
cpuid level	: 11
wp		: yes
flags		: fpu vme de pse tsc msr pae mce cx8 apic sep mtrr pge mca cmov pat pse36 clflush dts acpi mmx fxsr sse sse2 ss ht tm pbe syscall nx rdtscp lm constant_tsc arch_perfmon pebs bts rep_good nopl xtopology nonstop_tsc aperfmperf pni dtes64 monitor ds_cpl vmx est tm2 ssse3 cx16 xtpr pdcm sse4_1 sse4_2 popcnt lahf_lm dtherm tpr_shadow vnmi flexpriority ept vpid
bogomips	: 5320.20
clflush size	: 64
cache_alignment	: 64
address sizes	: 36 bits physical, 48 bits virtual
power management:

processor	: 5
vendor_id	: GenuineIntel
cpu family	: 6
model		: 26
model name	: Intel(R) Core(TM) i7 CPU         920  @ 2.67GHz
stepping	: 5
microcode	: 0x11
cpu MHz		: 1596.000
cache size	: 8192 KB
physical id	: 0
siblings	: 8
core id		: 1
cpu cores	: 4
apicid		: 3
initial apicid	: 3
fpu		: yes
fpu_exception	: yes
cpuid level	: 11
wp		: yes
flags		: fpu vme de pse tsc msr pae mce cx8 apic sep mtrr pge mca cmov pat pse36 clflush dts acpi mmx fxsr sse sse2 ss ht tm pbe syscall nx rdtscp lm constant_tsc arch_perfmon pebs bts rep_good nopl xtopology nonstop_tsc aperfmperf pni dtes64 monitor ds_cpl vmx est tm2 ssse3 cx16 xtpr pdcm sse4_1 sse4_2 popcnt lahf_lm dtherm tpr_shadow vnmi flexpriority ept vpid
bogomips	: 5320.20
clflush size	: 64
cache_alignment	: 64
address sizes	: 36 bits physical, 48 bits virtual
power management:

processor	: 6
vendor_id	: GenuineIntel
cpu family	: 6
model		: 26
model name	: Intel(R) Core(TM) i7 CPU         920  @ 2.67GHz
stepping	: 5
microcode	: 0x11
cpu MHz		: 1596.000
cache size	: 8192 KB
physical id	: 0
siblings	: 8
core id		: 2
cpu cores	: 4
apicid		: 5
initial apicid	: 5
fpu		: yes
fpu_exception	: yes
cpuid level	: 11
wp		: yes
flags		: fpu vme de pse tsc msr pae mce cx8 apic sep mtrr pge mca cmov pat pse36 clflush dts acpi mmx fxsr sse sse2 ss ht tm pbe syscall nx rdtscp lm constant_tsc arch_perfmon pebs bts rep_good nopl xtopology nonstop_tsc aperfmperf pni dtes64 monitor ds_cpl vmx est tm2 ssse3 cx16 xtpr pdcm sse4_1 sse4_2 popcnt lahf_lm dtherm tpr_shadow vnmi flexpriority ept vpid
bogomips	: 5320.20
clflush size	: 64
cache_alignment	: 64
address sizes	: 36 bits physical, 48 bits virtual
power management:

processor	: 7
vendor_id	: GenuineIntel
cpu family	: 6
model		: 26
model name	: Intel(R) Core(TM) i7 CPU         920  @ 2.67GHz
stepping	: 5
microcode	: 0x11
cpu MHz		: 1596.000
cache size	: 8192 KB
physical id	: 0
siblings	: 8
core id		: 3
cpu cores	: 4
apicid		: 7
initial apicid	: 7
fpu		: yes
fpu_exception	: yes
cpuid level	: 11
wp		: yes
flags		: fpu vme de pse tsc msr pae mce cx8 apic sep mtrr pge mca cmov pat pse36 clflush dts acpi mmx fxsr sse sse2 ss ht tm pbe syscall nx rdtscp lm constant_tsc arch_perfmon pebs bts rep_good nopl xtopology nonstop_tsc aperfmperf pni dtes64 monitor ds_cpl vmx est tm2 ssse3 cx16 xtpr pdcm sse4_1 sse4_2 popcnt lahf_lm dtherm tpr_shadow vnmi flexpriority ept vpid
bogomips	: 5320.20
clflush size	: 64
cache_alignment	: 64
address sizes	: 36 bits physical, 48 bits virtual
power management:



Memory: 4k page, physical 4047648k(1682376k free), swap 1452028k(1439836k free)

vm_info: OpenJDK 64-Bit Server VM (23.7-b01) for linux-amd64 JRE (1.7.0_25-b30), built on Jul  3 2013 13:50:39 by "buildd" with gcc 4.7.3

time: Thu Oct 10 02:01:30 2013
elapsed time: 0 seconds

