#
# A fatal error has been detected by the Java Runtime Environment:
#
#  Internal Error (javaClasses.cpp:129), pid=16429, tid=139765921695488
#  fatal error: Invalid layout of preloaded class
#
# JRE version: 7.0_25-b30
# Java VM: OpenJDK 64-Bit Server VM (23.7-b01 mixed mode linux-amd64 compressed oops)
# Failed to write core dump. Core dumps have been disabled. To enable core dumping, try "ulimit -c unlimited" before starting Java again
#
# If you would like to submit a bug report, please include
# instructions on how to reproduce the bug and visit:
#   https://bugs.launchpad.net/ubuntu/+source/openjdk-7/
#

---------------  T H R E A D  ---------------

Current thread (0x00007f1dc0009000):  JavaThread "Unknown thread" [_thread_in_vm, id=16436, stack(0x00007f1dca0d4000,0x00007f1dca1d5000)]

Stack: [0x00007f1dca0d4000,0x00007f1dca1d5000],  sp=0x00007f1dca1d39a0,  free space=1022k
Native frames: (J=compiled Java code, j=interpreted, Vv=VM code, C=native code)
V  [libjvm.so+0x84e92b]  VMError::report_and_die()+0x16b
V  [libjvm.so+0x3ebd57]  report_fatal(char const*, int, char const*)+0x57
V  [libjvm.so+0x528efa]  compute_offset(int&, klassOopDesc*, Symbol*, Symbol*, bool) [clone .constprop.123]+0x11a
V  [libjvm.so+0x529166]  java_lang_String::compute_offsets()+0x36
V  [libjvm.so+0x7dcf8d]  SystemDictionary::initialize_preloaded_classes(Thread*)+0x3d
V  [libjvm.so+0x829288]  Universe::genesis(Thread*)+0x468
V  [libjvm.so+0x82973f]  universe2_init()+0x1f
V  [libjvm.so+0x4dde1a]  init_globals()+0x9a
V  [libjvm.so+0x80d26c]  Threads::create_vm(JavaVMInitArgs*, bool*)+0x39c
V  [libjvm.so+0x545278]  JNI_CreateJavaVM+0x58
C  [libjli.so+0x2b34]  __strcat_chk+0x2b34


---------------  P R O C E S S  ---------------

Java Threads: ( => current thread )

Other Threads:

=>0x00007f1dc0009000 (exited) JavaThread "Unknown thread" [_thread_in_vm, id=16436, stack(0x00007f1dca0d4000,0x00007f1dca1d5000)]

VM state:not at safepoint (not fully initialized)

VM Mutex/Monitor currently owned by a thread: None

GC Heap History (0 events):
No events

Deoptimization events (0 events):
No events

Internal exceptions (0 events):
No events

Events (10 events):
Event: 0.007 loading class 0x00007f1dc0032790 done
Event: 0.007 loading class 0x00007f1dc0032030 done
Event: 0.007 loading class 0x00007f1dc0032000
Event: 0.007 loading class 0x00007f1dc005d370
Event: 0.007 loading class 0x00007f1dc005d370 done
Event: 0.007 loading class 0x00007f1dc005d3b0
Event: 0.007 loading class 0x00007f1dc005d3b0 done
Event: 0.007 loading class 0x00007f1dc005d3f0
Event: 0.007 loading class 0x00007f1dc005d3f0 done
Event: 0.008 loading class 0x00007f1dc0032000 done


Dynamic libraries:
00400000-00401000 r-xp 00000000 08:12 1065403                            /usr/lib/jvm/java-7-openjdk-amd64/jre/bin/java
00600000-00601000 r--p 00000000 08:12 1065403                            /usr/lib/jvm/java-7-openjdk-amd64/jre/bin/java
00601000-00602000 rw-p 00001000 08:12 1065403                            /usr/lib/jvm/java-7-openjdk-amd64/jre/bin/java
006d4000-006f5000 rw-p 00000000 00:00 0                                  [heap]
b7c00000-b90c0000 rw-p 00000000 00:00 0 
b90c0000-c2200000 rw-p 00000000 00:00 0 
c2200000-c4b40000 rw-p 00000000 00:00 0 
c4b40000-eb600000 rw-p 00000000 00:00 0 
eb600000-eca90000 rw-p 00000000 00:00 0 
eca90000-100000000 rw-p 00000000 00:00 0 
7f1d98000000-7f1d98021000 rw-p 00000000 00:00 0 
7f1d98021000-7f1d9c000000 ---p 00000000 00:00 0 
7f1d9dbe0000-7f1da0000000 rw-p 00000000 00:00 0 
7f1da0000000-7f1da0021000 rw-p 00000000 00:00 0 
7f1da0021000-7f1da4000000 ---p 00000000 00:00 0 
7f1da4000000-7f1da4021000 rw-p 00000000 00:00 0 
7f1da4021000-7f1da8000000 ---p 00000000 00:00 0 
7f1da8000000-7f1da8021000 rw-p 00000000 00:00 0 
7f1da8021000-7f1dac000000 ---p 00000000 00:00 0 
7f1dac000000-7f1dac021000 rw-p 00000000 00:00 0 
7f1dac021000-7f1db0000000 ---p 00000000 00:00 0 
7f1db0000000-7f1db0021000 rw-p 00000000 00:00 0 
7f1db0021000-7f1db4000000 ---p 00000000 00:00 0 
7f1db4000000-7f1db4021000 rw-p 00000000 00:00 0 
7f1db4021000-7f1db8000000 ---p 00000000 00:00 0 
7f1db8000000-7f1db8021000 rw-p 00000000 00:00 0 
7f1db8021000-7f1dbc000000 ---p 00000000 00:00 0 
7f1dbd000000-7f1dbd270000 rwxp 00000000 00:00 0 
7f1dbd270000-7f1dc0068000 rw-p 00000000 00:00 0 
7f1dc0068000-7f1dc4000000 ---p 00000000 00:00 0 
7f1dc563e000-7f1dc5881000 rw-p 00000000 00:00 0 
7f1dc5881000-7f1dc594b000 r--s 011ad000 08:12 4202112                    /apps/eclipse/android/sdk/platforms/android-18/android.jar
7f1dc594b000-7f1dc627b000 rw-p 00000000 00:00 0 
7f1dc627b000-7f1dc627c000 ---p 00000000 00:00 0 
7f1dc627c000-7f1dc637c000 rw-p 00000000 00:00 0                          [stack:16444]
7f1dc637c000-7f1dc637d000 ---p 00000000 00:00 0 
7f1dc637d000-7f1dc647d000 rw-p 00000000 00:00 0                          [stack:16443]
7f1dc647d000-7f1dc647e000 ---p 00000000 00:00 0 
7f1dc647e000-7f1dc657e000 rw-p 00000000 00:00 0                          [stack:16442]
7f1dc657e000-7f1dc657f000 ---p 00000000 00:00 0 
7f1dc657f000-7f1dc667f000 rw-p 00000000 00:00 0                          [stack:16441]
7f1dc667f000-7f1dc6680000 ---p 00000000 00:00 0 
7f1dc6680000-7f1dc6780000 rw-p 00000000 00:00 0                          [stack:16440]
7f1dc6780000-7f1dc6781000 ---p 00000000 00:00 0 
7f1dc6781000-7f1dc6881000 rw-p 00000000 00:00 0                          [stack:16439]
7f1dc6881000-7f1dc6882000 ---p 00000000 00:00 0 
7f1dc6882000-7f1dc6982000 rw-p 00000000 00:00 0                          [stack:16438]
7f1dc6982000-7f1dc6983000 ---p 00000000 00:00 0 
7f1dc6983000-7f1dc6a8e000 rw-p 00000000 00:00 0                          [stack:16437]
7f1dc6a8e000-7f1dc6ad6000 rw-p 00000000 00:00 0 
7f1dc6ad6000-7f1dc6aeb000 rw-p 00000000 00:00 0 
7f1dc6aeb000-7f1dc6c20000 rw-p 00000000 00:00 0 
7f1dc6c20000-7f1dc6c2b000 rw-p 00000000 00:00 0 
7f1dc6c2b000-7f1dc6c73000 rw-p 00000000 00:00 0 
7f1dc6c73000-7f1dc6c88000 rw-p 00000000 00:00 0 
7f1dc6c88000-7f1dc6dbd000 rw-p 00000000 00:00 0 
7f1dc6dbd000-7f1dc6dc8000 rw-p 00000000 00:00 0 
7f1dc6dc8000-7f1dc6e62000 rw-p 00000000 00:00 0 
7f1dc6e62000-7f1dc6e63000 rw-p 00000000 00:00 0 
7f1dc6e63000-7f1dc6e6b000 r-xp 00000000 08:12 1192428                    /usr/lib/jvm/java-7-openjdk-amd64/jre/lib/amd64/libzip.so
7f1dc6e6b000-7f1dc706a000 ---p 00008000 08:12 1192428                    /usr/lib/jvm/java-7-openjdk-amd64/jre/lib/amd64/libzip.so
7f1dc706a000-7f1dc706b000 r--p 00007000 08:12 1192428                    /usr/lib/jvm/java-7-openjdk-amd64/jre/lib/amd64/libzip.so
7f1dc706b000-7f1dc706c000 rw-p 00008000 08:12 1192428                    /usr/lib/jvm/java-7-openjdk-amd64/jre/lib/amd64/libzip.so
7f1dc706c000-7f1dc7078000 r-xp 00000000 08:12 4460305                    /lib/x86_64-linux-gnu/libnss_files-2.17.so
7f1dc7078000-7f1dc7277000 ---p 0000c000 08:12 4460305                    /lib/x86_64-linux-gnu/libnss_files-2.17.so
7f1dc7277000-7f1dc7278000 r--p 0000b000 08:12 4460305                    /lib/x86_64-linux-gnu/libnss_files-2.17.so
7f1dc7278000-7f1dc7279000 rw-p 0000c000 08:12 4460305                    /lib/x86_64-linux-gnu/libnss_files-2.17.so
7f1dc7279000-7f1dc7284000 r-xp 00000000 08:12 4460309                    /lib/x86_64-linux-gnu/libnss_nis-2.17.so
7f1dc7284000-7f1dc7483000 ---p 0000b000 08:12 4460309                    /lib/x86_64-linux-gnu/libnss_nis-2.17.so
7f1dc7483000-7f1dc7484000 r--p 0000a000 08:12 4460309                    /lib/x86_64-linux-gnu/libnss_nis-2.17.so
7f1dc7484000-7f1dc7485000 rw-p 0000b000 08:12 4460309                    /lib/x86_64-linux-gnu/libnss_nis-2.17.so
7f1dc7485000-7f1dc749c000 r-xp 00000000 08:12 4460299                    /lib/x86_64-linux-gnu/libnsl-2.17.so
7f1dc749c000-7f1dc769b000 ---p 00017000 08:12 4460299                    /lib/x86_64-linux-gnu/libnsl-2.17.so
7f1dc769b000-7f1dc769c000 r--p 00016000 08:12 4460299                    /lib/x86_64-linux-gnu/libnsl-2.17.so
7f1dc769c000-7f1dc769d000 rw-p 00017000 08:12 4460299                    /lib/x86_64-linux-gnu/libnsl-2.17.so
7f1dc769d000-7f1dc769f000 rw-p 00000000 00:00 0 
7f1dc769f000-7f1dc76a7000 r-xp 00000000 08:12 4460301                    /lib/x86_64-linux-gnu/libnss_compat-2.17.so
7f1dc76a7000-7f1dc78a6000 ---p 00008000 08:12 4460301                    /lib/x86_64-linux-gnu/libnss_compat-2.17.so
7f1dc78a6000-7f1dc78a7000 r--p 00007000 08:12 4460301                    /lib/x86_64-linux-gnu/libnss_compat-2.17.so
7f1dc78a7000-7f1dc78a8000 rw-p 00008000 08:12 4460301                    /lib/x86_64-linux-gnu/libnss_compat-2.17.so
7f1dc78a8000-7f1dc78d3000 r-xp 00000000 08:12 1192412                    /usr/lib/jvm/java-7-openjdk-amd64/jre/lib/amd64/libjava.so
7f1dc78d3000-7f1dc7ad2000 ---p 0002b000 08:12 1192412                    /usr/lib/jvm/java-7-openjdk-amd64/jre/lib/amd64/libjava.so
7f1dc7ad2000-7f1dc7ad3000 r--p 0002a000 08:12 1192412                    /usr/lib/jvm/java-7-openjdk-amd64/jre/lib/amd64/libjava.so
7f1dc7ad3000-7f1dc7ad5000 rw-p 0002b000 08:12 1192412                    /usr/lib/jvm/java-7-openjdk-amd64/jre/lib/amd64/libjava.so
7f1dc7ad5000-7f1dc7ae4000 r-xp 00000000 08:12 1192411                    /usr/lib/jvm/java-7-openjdk-amd64/jre/lib/amd64/libverify.so
7f1dc7ae4000-7f1dc7ce3000 ---p 0000f000 08:12 1192411                    /usr/lib/jvm/java-7-openjdk-amd64/jre/lib/amd64/libverify.so
7f1dc7ce3000-7f1dc7ce5000 r--p 0000e000 08:12 1192411                    /usr/lib/jvm/java-7-openjdk-amd64/jre/lib/amd64/libverify.so
7f1dc7ce5000-7f1dc7ce6000 rw-p 00010000 08:12 1192411                    /usr/lib/jvm/java-7-openjdk-amd64/jre/lib/amd64/libverify.so
7f1dc7ce6000-7f1dc7ced000 r-xp 00000000 08:12 4460352                    /lib/x86_64-linux-gnu/librt-2.17.so
7f1dc7ced000-7f1dc7eec000 ---p 00007000 08:12 4460352                    /lib/x86_64-linux-gnu/librt-2.17.so
7f1dc7eec000-7f1dc7eed000 r--p 00006000 08:12 4460352                    /lib/x86_64-linux-gnu/librt-2.17.so
7f1dc7eed000-7f1dc7eee000 rw-p 00007000 08:12 4460352                    /lib/x86_64-linux-gnu/librt-2.17.so
7f1dc7eee000-7f1dc7f02000 r-xp 00000000 08:12 4460257                    /lib/x86_64-linux-gnu/libgcc_s.so.1
7f1dc7f02000-7f1dc8102000 ---p 00014000 08:12 4460257                    /lib/x86_64-linux-gnu/libgcc_s.so.1
7f1dc8102000-7f1dc8103000 r--p 00014000 08:12 4460257                    /lib/x86_64-linux-gnu/libgcc_s.so.1
7f1dc8103000-7f1dc8104000 rw-p 00015000 08:12 4460257                    /lib/x86_64-linux-gnu/libgcc_s.so.1
7f1dc8104000-7f1dc8207000 r-xp 00000000 08:12 4460280                    /lib/x86_64-linux-gnu/libm-2.17.so
7f1dc8207000-7f1dc8407000 ---p 00103000 08:12 4460280                    /lib/x86_64-linux-gnu/libm-2.17.so
7f1dc8407000-7f1dc8408000 r--p 00103000 08:12 4460280                    /lib/x86_64-linux-gnu/libm-2.17.so
7f1dc8408000-7f1dc8409000 rw-p 00104000 08:12 4460280                    /lib/x86_64-linux-gnu/libm-2.17.so
7f1dc8409000-7f1dc84ee000 r-xp 00000000 08:12 1056775                    /usr/lib/x86_64-linux-gnu/libstdc++.so.6.0.17
7f1dc84ee000-7f1dc86ed000 ---p 000e5000 08:12 1056775                    /usr/lib/x86_64-linux-gnu/libstdc++.so.6.0.17
7f1dc86ed000-7f1dc86f5000 r--p 000e4000 08:12 1056775                    /usr/lib/x86_64-linux-gnu/libstdc++.so.6.0.17
7f1dc86f5000-7f1dc86f7000 rw-p 000ec000 08:12 1056775                    /usr/lib/x86_64-linux-gnu/libstdc++.so.6.0.17
7f1dc86f7000-7f1dc870c000 rw-p 00000000 00:00 0 
7f1dc870c000-7f1dc90fc000 r-xp 00000000 08:12 1192417                    /usr/lib/jvm/java-7-openjdk-amd64/jre/lib/amd64/server/libjvm.so
7f1dc90fc000-7f1dc92fb000 ---p 009f0000 08:12 1192417                    /usr/lib/jvm/java-7-openjdk-amd64/jre/lib/amd64/server/libjvm.so
7f1dc92fb000-7f1dc937a000 r--p 009ef000 08:12 1192417                    /usr/lib/jvm/java-7-openjdk-amd64/jre/lib/amd64/server/libjvm.so
7f1dc937a000-7f1dc939d000 rw-p 00a6e000 08:12 1192417                    /usr/lib/jvm/java-7-openjdk-amd64/jre/lib/amd64/server/libjvm.so
7f1dc939d000-7f1dc93c8000 rw-p 00000000 00:00 0 
7f1dc93c8000-7f1dc93de000 r-xp 00000000 08:12 4460385                    /lib/x86_64-linux-gnu/libz.so.1.2.7
7f1dc93de000-7f1dc95dd000 ---p 00016000 08:12 4460385                    /lib/x86_64-linux-gnu/libz.so.1.2.7
7f1dc95dd000-7f1dc95de000 r--p 00015000 08:12 4460385                    /lib/x86_64-linux-gnu/libz.so.1.2.7
7f1dc95de000-7f1dc95df000 rw-p 00016000 08:12 4460385                    /lib/x86_64-linux-gnu/libz.so.1.2.7
7f1dc95df000-7f1dc95f7000 r-xp 00000000 08:12 4460344                    /lib/x86_64-linux-gnu/libpthread-2.17.so
7f1dc95f7000-7f1dc97f6000 ---p 00018000 08:12 4460344                    /lib/x86_64-linux-gnu/libpthread-2.17.so
7f1dc97f6000-7f1dc97f7000 r--p 00017000 08:12 4460344                    /lib/x86_64-linux-gnu/libpthread-2.17.so
7f1dc97f7000-7f1dc97f8000 rw-p 00018000 08:12 4460344                    /lib/x86_64-linux-gnu/libpthread-2.17.so
7f1dc97f8000-7f1dc97fc000 rw-p 00000000 00:00 0 
7f1dc97fc000-7f1dc97ff000 r-xp 00000000 08:12 4460247                    /lib/x86_64-linux-gnu/libdl-2.17.so
7f1dc97ff000-7f1dc99fe000 ---p 00003000 08:12 4460247                    /lib/x86_64-linux-gnu/libdl-2.17.so
7f1dc99fe000-7f1dc99ff000 r--p 00002000 08:12 4460247                    /lib/x86_64-linux-gnu/libdl-2.17.so
7f1dc99ff000-7f1dc9a00000 rw-p 00003000 08:12 4460247                    /lib/x86_64-linux-gnu/libdl-2.17.so
7f1dc9a00000-7f1dc9bbe000 r-xp 00000000 08:12 4460232                    /lib/x86_64-linux-gnu/libc-2.17.so
7f1dc9bbe000-7f1dc9dbd000 ---p 001be000 08:12 4460232                    /lib/x86_64-linux-gnu/libc-2.17.so
7f1dc9dbd000-7f1dc9dc1000 r--p 001bd000 08:12 4460232                    /lib/x86_64-linux-gnu/libc-2.17.so
7f1dc9dc1000-7f1dc9dc3000 rw-p 001c1000 08:12 4460232                    /lib/x86_64-linux-gnu/libc-2.17.so
7f1dc9dc3000-7f1dc9dc8000 rw-p 00000000 00:00 0 
7f1dc9dc8000-7f1dc9dd5000 r-xp 00000000 08:12 1192394                    /usr/lib/jvm/java-7-openjdk-amd64/jre/lib/amd64/jli/libjli.so
7f1dc9dd5000-7f1dc9fd4000 ---p 0000d000 08:12 1192394                    /usr/lib/jvm/java-7-openjdk-amd64/jre/lib/amd64/jli/libjli.so
7f1dc9fd4000-7f1dc9fd5000 r--p 0000c000 08:12 1192394                    /usr/lib/jvm/java-7-openjdk-amd64/jre/lib/amd64/jli/libjli.so
7f1dc9fd5000-7f1dc9fd6000 rw-p 0000d000 08:12 1192394                    /usr/lib/jvm/java-7-openjdk-amd64/jre/lib/amd64/jli/libjli.so
7f1dc9fd6000-7f1dc9ff9000 r-xp 00000000 08:12 4460208                    /lib/x86_64-linux-gnu/ld-2.17.so
7f1dca014000-7f1dca01e000 rw-p 00000000 00:00 0 
7f1dca01e000-7f1dca0d4000 rw-p 00000000 00:00 0 
7f1dca0d4000-7f1dca0d7000 ---p 00000000 00:00 0 
7f1dca0d7000-7f1dca1da000 rw-p 00000000 00:00 0                          [stack:16436]
7f1dca1ea000-7f1dca1ec000 rw-p 00000000 00:00 0 
7f1dca1ec000-7f1dca1f4000 rw-s 00000000 08:12 1457115                    /tmp/hsperfdata_urbs/16429
7f1dca1f4000-7f1dca1f5000 rw-p 00000000 00:00 0 
7f1dca1f5000-7f1dca1f6000 r--p 00000000 00:00 0 
7f1dca1f6000-7f1dca1f8000 rw-p 00000000 00:00 0 
7f1dca1f8000-7f1dca1f9000 r--p 00022000 08:12 4460208                    /lib/x86_64-linux-gnu/ld-2.17.so
7f1dca1f9000-7f1dca1fb000 rw-p 00023000 08:12 4460208                    /lib/x86_64-linux-gnu/ld-2.17.so
7fff343ad000-7fff343ce000 rw-p 00000000 00:00 0                          [stack]
7fff343fe000-7fff34400000 r-xp 00000000 00:00 0                          [vdso]
ffffffffff600000-ffffffffff601000 r-xp 00000000 00:00 0                  [vsyscall]

VM Arguments:
jvm_args: -Dfile.encoding=UTF-8 -Xbootclasspath:/apps/eclipse/android/sdk/platforms/android-18/android.jar 
java_command: org.eclipse.jdt.internal.junit.runner.RemoteTestRunner -version 3 -port 50521 -testLoaderClass org.eclipse.jdt.internal.junit4.runner.JUnit4TestLoader -loaderpluginname org.eclipse.jdt.junit4.runtime -classNames com.urbs.bgscore.test.AgricolaTest
Launcher Type: SUN_STANDARD

Environment Variables:
PATH=/usr/lib/lightdm/lightdm:/usr/local/sbin:/usr/local/bin:/usr/sbin:/usr/bin:/sbin:/bin:/usr/games:/usr/local/games
SHELL=/bin/bash
DISPLAY=:0.0

Signal Handlers:
SIGSEGV: [libjvm.so+0x84f410], sa_mask[0]=0x7ffbfeff, sa_flags=0x10000004
SIGBUS: [libjvm.so+0x84f410], sa_mask[0]=0x7ffbfeff, sa_flags=0x10000004
SIGFPE: [libjvm.so+0x6f19a0], sa_mask[0]=0x7ffbfeff, sa_flags=0x10000004
SIGPIPE: [libjvm.so+0x6f19a0], sa_mask[0]=0x7ffbfeff, sa_flags=0x10000004
SIGXFSZ: [libjvm.so+0x6f19a0], sa_mask[0]=0x7ffbfeff, sa_flags=0x10000004
SIGILL: [libjvm.so+0x6f19a0], sa_mask[0]=0x7ffbfeff, sa_flags=0x10000004
SIGUSR1: SIG_DFL, sa_mask[0]=0x00000000, sa_flags=0x00000000
SIGUSR2: [libjvm.so+0x6f1d70], sa_mask[0]=0x00000004, sa_flags=0x10000004
SIGHUP: SIG_DFL, sa_mask[0]=0x00000000, sa_flags=0x00000000
SIGINT: SIG_DFL, sa_mask[0]=0x00000000, sa_flags=0x00000000
SIGTERM: SIG_DFL, sa_mask[0]=0x00000000, sa_flags=0x00000000
SIGQUIT: SIG_DFL, sa_mask[0]=0x00000000, sa_flags=0x00000000


---------------  S Y S T E M  ---------------

OS:Ubuntu 13.04 (raring)
uname:Linux 3.8.0-31-generic #46-Ubuntu SMP Tue Sep 10 20:03:44 UTC 2013 x86_64
libc:glibc 2.17 NPTL 2.17 
rlimit: STACK 8192k, CORE 0k, NPROC 31472, NOFILE 4096, AS infinity
load average:0.35 0.47 0.49

/proc/meminfo:
MemTotal:        4047648 kB
MemFree:          732992 kB
Buffers:           92576 kB
Cached:          1159332 kB
SwapCached:         5408 kB
Active:          1453948 kB
Inactive:        1195420 kB
Active(anon):     847228 kB
Inactive(anon):   553216 kB
Active(file):     606720 kB
Inactive(file):   642204 kB
Unevictable:          32 kB
Mlocked:              32 kB
SwapTotal:       1452028 kB
SwapFree:        1418648 kB
Dirty:               208 kB
Writeback:             0 kB
AnonPages:       1392528 kB
Mapped:           139796 kB
Shmem:              2952 kB
Slab:             144116 kB
SReclaimable:     105540 kB
SUnreclaim:        38576 kB
KernelStack:        4632 kB
PageTables:        32320 kB
NFS_Unstable:          0 kB
Bounce:                0 kB
WritebackTmp:          0 kB
CommitLimit:     3475852 kB
Committed_AS:    4807352 kB
VmallocTotal:   34359738367 kB
VmallocUsed:      308028 kB
VmallocChunk:   34359423484 kB
HardwareCorrupted:     0 kB
AnonHugePages:         0 kB
HugePages_Total:       0
HugePages_Free:        0
HugePages_Rsvd:        0
HugePages_Surp:        0
Hugepagesize:       2048 kB
DirectMap4k:      125824 kB
DirectMap2M:     4067328 kB


CPU:total 8 (4 cores per cpu, 2 threads per core) family 6 model 26 stepping 5, cmov, cx8, fxsr, mmx, sse, sse2, sse3, ssse3, sse4.1, sse4.2, popcnt, ht, tsc, tscinvbit, tscinv

/proc/cpuinfo:
processor	: 0
vendor_id	: GenuineIntel
cpu family	: 6
model		: 26
model name	: Intel(R) Core(TM) i7 CPU         920  @ 2.67GHz
stepping	: 5
microcode	: 0x11
cpu MHz		: 1596.000
cache size	: 8192 KB
physical id	: 0
siblings	: 8
core id		: 0
cpu cores	: 4
apicid		: 0
initial apicid	: 0
fpu		: yes
fpu_exception	: yes
cpuid level	: 11
wp		: yes
flags		: fpu vme de pse tsc msr pae mce cx8 apic sep mtrr pge mca cmov pat pse36 clflush dts acpi mmx fxsr sse sse2 ss ht tm pbe syscall nx rdtscp lm constant_tsc arch_perfmon pebs bts rep_good nopl xtopology nonstop_tsc aperfmperf pni dtes64 monitor ds_cpl vmx est tm2 ssse3 cx16 xtpr pdcm sse4_1 sse4_2 popcnt lahf_lm dtherm tpr_shadow vnmi flexpriority ept vpid
bogomips	: 5320.20
clflush size	: 64
cache_alignment	: 64
address sizes	: 36 bits physical, 48 bits virtual
power management:

processor	: 1
vendor_id	: GenuineIntel
cpu family	: 6
model		: 26
model name	: Intel(R) Core(TM) i7 CPU         920  @ 2.67GHz
stepping	: 5
microcode	: 0x11
cpu MHz		: 1596.000
cache size	: 8192 KB
physical id	: 0
siblings	: 8
core id		: 1
cpu cores	: 4
apicid		: 2
initial apicid	: 2
fpu		: yes
fpu_exception	: yes
cpuid level	: 11
wp		: yes
flags		: fpu vme de pse tsc msr pae mce cx8 apic sep mtrr pge mca cmov pat pse36 clflush dts acpi mmx fxsr sse sse2 ss ht tm pbe syscall nx rdtscp lm constant_tsc arch_perfmon pebs bts rep_good nopl xtopology nonstop_tsc aperfmperf pni dtes64 monitor ds_cpl vmx est tm2 ssse3 cx16 xtpr pdcm sse4_1 sse4_2 popcnt lahf_lm dtherm tpr_shadow vnmi flexpriority ept vpid
bogomips	: 5320.20
clflush size	: 64
cache_alignment	: 64
address sizes	: 36 bits physical, 48 bits virtual
power management:

processor	: 2
vendor_id	: GenuineIntel
cpu family	: 6
model		: 26
model name	: Intel(R) Core(TM) i7 CPU         920  @ 2.67GHz
stepping	: 5
microcode	: 0x11
cpu MHz		: 1596.000
cache size	: 8192 KB
physical id	: 0
siblings	: 8
core id		: 2
cpu cores	: 4
apicid		: 4
initial apicid	: 4
fpu		: yes
fpu_exception	: yes
cpuid level	: 11
wp		: yes
flags		: fpu vme de pse tsc msr pae mce cx8 apic sep mtrr pge mca cmov pat pse36 clflush dts acpi mmx fxsr sse sse2 ss ht tm pbe syscall nx rdtscp lm constant_tsc arch_perfmon pebs bts rep_good nopl xtopology nonstop_tsc aperfmperf pni dtes64 monitor ds_cpl vmx est tm2 ssse3 cx16 xtpr pdcm sse4_1 sse4_2 popcnt lahf_lm dtherm tpr_shadow vnmi flexpriority ept vpid
bogomips	: 5320.20
clflush size	: 64
cache_alignment	: 64
address sizes	: 36 bits physical, 48 bits virtual
power management:

processor	: 3
vendor_id	: GenuineIntel
cpu family	: 6
model		: 26
model name	: Intel(R) Core(TM) i7 CPU         920  @ 2.67GHz
stepping	: 5
microcode	: 0x11
cpu MHz		: 1596.000
cache size	: 8192 KB
physical id	: 0
siblings	: 8
core id		: 3
cpu cores	: 4
apicid		: 6
initial apicid	: 6
fpu		: yes
fpu_exception	: yes
cpuid level	: 11
wp		: yes
flags		: fpu vme de pse tsc msr pae mce cx8 apic sep mtrr pge mca cmov pat pse36 clflush dts acpi mmx fxsr sse sse2 ss ht tm pbe syscall nx rdtscp lm constant_tsc arch_perfmon pebs bts rep_good nopl xtopology nonstop_tsc aperfmperf pni dtes64 monitor ds_cpl vmx est tm2 ssse3 cx16 xtpr pdcm sse4_1 sse4_2 popcnt lahf_lm dtherm tpr_shadow vnmi flexpriority ept vpid
bogomips	: 5320.20
clflush size	: 64
cache_alignment	: 64
address sizes	: 36 bits physical, 48 bits virtual
power management:

processor	: 4
vendor_id	: GenuineIntel
cpu family	: 6
model		: 26
model name	: Intel(R) Core(TM) i7 CPU         920  @ 2.67GHz
stepping	: 5
microcode	: 0x11
cpu MHz		: 2660.000
cache size	: 8192 KB
physical id	: 0
siblings	: 8
core id		: 0
cpu cores	: 4
apicid		: 1
initial apicid	: 1
fpu		: yes
fpu_exception	: yes
cpuid level	: 11
wp		: yes
flags		: fpu vme de pse tsc msr pae mce cx8 apic sep mtrr pge mca cmov pat pse36 clflush dts acpi mmx fxsr sse sse2 ss ht tm pbe syscall nx rdtscp lm constant_tsc arch_perfmon pebs bts rep_good nopl xtopology nonstop_tsc aperfmperf pni dtes64 monitor ds_cpl vmx est tm2 ssse3 cx16 xtpr pdcm sse4_1 sse4_2 popcnt lahf_lm dtherm tpr_shadow vnmi flexpriority ept vpid
bogomips	: 5320.20
clflush size	: 64
cache_alignment	: 64
address sizes	: 36 bits physical, 48 bits virtual
power management:

processor	: 5
vendor_id	: GenuineIntel
cpu family	: 6
model		: 26
model name	: Intel(R) Core(TM) i7 CPU         920  @ 2.67GHz
stepping	: 5
microcode	: 0x11
cpu MHz		: 1596.000
cache size	: 8192 KB
physical id	: 0
siblings	: 8
core id		: 1
cpu cores	: 4
apicid		: 3
initial apicid	: 3
fpu		: yes
fpu_exception	: yes
cpuid level	: 11
wp		: yes
flags		: fpu vme de pse tsc msr pae mce cx8 apic sep mtrr pge mca cmov pat pse36 clflush dts acpi mmx fxsr sse sse2 ss ht tm pbe syscall nx rdtscp lm constant_tsc arch_perfmon pebs bts rep_good nopl xtopology nonstop_tsc aperfmperf pni dtes64 monitor ds_cpl vmx est tm2 ssse3 cx16 xtpr pdcm sse4_1 sse4_2 popcnt lahf_lm dtherm tpr_shadow vnmi flexpriority ept vpid
bogomips	: 5320.20
clflush size	: 64
cache_alignment	: 64
address sizes	: 36 bits physical, 48 bits virtual
power management:

processor	: 6
vendor_id	: GenuineIntel
cpu family	: 6
model		: 26
model name	: Intel(R) Core(TM) i7 CPU         920  @ 2.67GHz
stepping	: 5
microcode	: 0x11
cpu MHz		: 1596.000
cache size	: 8192 KB
physical id	: 0
siblings	: 8
core id		: 2
cpu cores	: 4
apicid		: 5
initial apicid	: 5
fpu		: yes
fpu_exception	: yes
cpuid level	: 11
wp		: yes
flags		: fpu vme de pse tsc msr pae mce cx8 apic sep mtrr pge mca cmov pat pse36 clflush dts acpi mmx fxsr sse sse2 ss ht tm pbe syscall nx rdtscp lm constant_tsc arch_perfmon pebs bts rep_good nopl xtopology nonstop_tsc aperfmperf pni dtes64 monitor ds_cpl vmx est tm2 ssse3 cx16 xtpr pdcm sse4_1 sse4_2 popcnt lahf_lm dtherm tpr_shadow vnmi flexpriority ept vpid
bogomips	: 5320.20
clflush size	: 64
cache_alignment	: 64
address sizes	: 36 bits physical, 48 bits virtual
power management:

processor	: 7
vendor_id	: GenuineIntel
cpu family	: 6
model		: 26
model name	: Intel(R) Core(TM) i7 CPU         920  @ 2.67GHz
stepping	: 5
microcode	: 0x11
cpu MHz		: 2660.000
cache size	: 8192 KB
physical id	: 0
siblings	: 8
core id		: 3
cpu cores	: 4
apicid		: 7
initial apicid	: 7
fpu		: yes
fpu_exception	: yes
cpuid level	: 11
wp		: yes
flags		: fpu vme de pse tsc msr pae mce cx8 apic sep mtrr pge mca cmov pat pse36 clflush dts acpi mmx fxsr sse sse2 ss ht tm pbe syscall nx rdtscp lm constant_tsc arch_perfmon pebs bts rep_good nopl xtopology nonstop_tsc aperfmperf pni dtes64 monitor ds_cpl vmx est tm2 ssse3 cx16 xtpr pdcm sse4_1 sse4_2 popcnt lahf_lm dtherm tpr_shadow vnmi flexpriority ept vpid
bogomips	: 5320.20
clflush size	: 64
cache_alignment	: 64
address sizes	: 36 bits physical, 48 bits virtual
power management:



Memory: 4k page, physical 4047648k(732992k free), swap 1452028k(1418648k free)

vm_info: OpenJDK 64-Bit Server VM (23.7-b01) for linux-amd64 JRE (1.7.0_25-b30), built on Jul  3 2013 13:50:39 by "buildd" with gcc 4.7.3

time: Thu Oct 10 01:55:17 2013
elapsed time: 0 seconds

